{"/mnt/x/Git/nacho.coll/agilevibecoding/src/cli/init.js": {"path":"/mnt/x/Git/nacho.coll/agilevibecoding/src/cli/init.js","all":false,"statementMap":{"0":{"start":{"line":1,"column":0},"end":{"line":1,"column":19}},"8":{"start":{"line":9,"column":0},"end":{"line":9,"column":50}},"9":{"start":{"line":10,"column":0},"end":{"line":10,"column":43}},"11":{"start":{"line":12,"column":0},"end":{"line":12,"column":3}},"12":{"start":{"line":13,"column":0},"end":{"line":13,"column":24}},"13":{"start":{"line":14,"column":0},"end":{"line":14,"column":2}},"14":{"start":{"line":15,"column":0},"end":{"line":15,"column":71}},"15":{"start":{"line":16,"column":0},"end":{"line":16,"column":55}},"16":{"start":{"line":17,"column":0},"end":{"line":17,"column":17}},"17":{"start":{"line":18,"column":0},"end":{"line":18,"column":32}},"18":{"start":{"line":19,"column":0},"end":{"line":19,"column":3}},"20":{"start":{"line":21,"column":0},"end":{"line":21,"column":24}},"21":{"start":{"line":22,"column":0},"end":{"line":22,"column":35}},"22":{"start":{"line":23,"column":0},"end":{"line":23,"column":52}},"23":{"start":{"line":24,"column":0},"end":{"line":24,"column":54}},"24":{"start":{"line":25,"column":0},"end":{"line":25,"column":60}},"25":{"start":{"line":26,"column":0},"end":{"line":26,"column":69}},"26":{"start":{"line":27,"column":0},"end":{"line":27,"column":3}},"28":{"start":{"line":29,"column":0},"end":{"line":29,"column":5}},"29":{"start":{"line":30,"column":0},"end":{"line":30,"column":54}},"30":{"start":{"line":31,"column":0},"end":{"line":31,"column":5}},"31":{"start":{"line":32,"column":0},"end":{"line":32,"column":20}},"32":{"start":{"line":33,"column":0},"end":{"line":33,"column":43}},"33":{"start":{"line":34,"column":0},"end":{"line":34,"column":3}},"35":{"start":{"line":36,"column":0},"end":{"line":36,"column":5}},"36":{"start":{"line":37,"column":0},"end":{"line":37,"column":32}},"37":{"start":{"line":38,"column":0},"end":{"line":38,"column":5}},"38":{"start":{"line":39,"column":0},"end":{"line":39,"column":18}},"39":{"start":{"line":40,"column":0},"end":{"line":40,"column":38}},"40":{"start":{"line":41,"column":0},"end":{"line":41,"column":3}},"42":{"start":{"line":43,"column":0},"end":{"line":43,"column":5}},"43":{"start":{"line":44,"column":0},"end":{"line":44,"column":29}},"44":{"start":{"line":45,"column":0},"end":{"line":45,"column":5}},"45":{"start":{"line":46,"column":0},"end":{"line":46,"column":18}},"46":{"start":{"line":47,"column":0},"end":{"line":47,"column":45}},"47":{"start":{"line":48,"column":0},"end":{"line":48,"column":3}},"49":{"start":{"line":50,"column":0},"end":{"line":50,"column":5}},"50":{"start":{"line":51,"column":0},"end":{"line":51,"column":23}},"51":{"start":{"line":52,"column":0},"end":{"line":52,"column":5}},"52":{"start":{"line":53,"column":0},"end":{"line":53,"column":21}},"53":{"start":{"line":54,"column":0},"end":{"line":54,"column":31}},"54":{"start":{"line":55,"column":0},"end":{"line":55,"column":53}},"55":{"start":{"line":56,"column":0},"end":{"line":56,"column":44}},"56":{"start":{"line":57,"column":0},"end":{"line":57,"column":18}},"57":{"start":{"line":58,"column":0},"end":{"line":58,"column":5}},"58":{"start":{"line":59,"column":0},"end":{"line":59,"column":49}},"59":{"start":{"line":60,"column":0},"end":{"line":60,"column":17}},"60":{"start":{"line":61,"column":0},"end":{"line":61,"column":3}},"62":{"start":{"line":63,"column":0},"end":{"line":63,"column":5}},"63":{"start":{"line":64,"column":0},"end":{"line":64,"column":42}},"64":{"start":{"line":65,"column":0},"end":{"line":65,"column":5}},"65":{"start":{"line":66,"column":0},"end":{"line":66,"column":21}},"66":{"start":{"line":67,"column":0},"end":{"line":67,"column":31}},"67":{"start":{"line":68,"column":0},"end":{"line":68,"column":29}},"68":{"start":{"line":69,"column":0},"end":{"line":69,"column":25}},"69":{"start":{"line":70,"column":0},"end":{"line":70,"column":43}},"70":{"start":{"line":71,"column":0},"end":{"line":71,"column":25}},"71":{"start":{"line":72,"column":0},"end":{"line":72,"column":42}},"72":{"start":{"line":73,"column":0},"end":{"line":73,"column":19}},"73":{"start":{"line":74,"column":0},"end":{"line":74,"column":62}},"74":{"start":{"line":75,"column":0},"end":{"line":75,"column":127}},"75":{"start":{"line":76,"column":0},"end":{"line":76,"column":89}},"76":{"start":{"line":77,"column":0},"end":{"line":77,"column":23}},"77":{"start":{"line":78,"column":0},"end":{"line":78,"column":13}},"78":{"start":{"line":79,"column":0},"end":{"line":79,"column":35}},"79":{"start":{"line":80,"column":0},"end":{"line":80,"column":57}},"80":{"start":{"line":81,"column":0},"end":{"line":81,"column":32}},"81":{"start":{"line":82,"column":0},"end":{"line":82,"column":13}},"82":{"start":{"line":83,"column":0},"end":{"line":83,"column":11}},"83":{"start":{"line":84,"column":0},"end":{"line":84,"column":9}},"84":{"start":{"line":85,"column":0},"end":{"line":85,"column":8}},"86":{"start":{"line":87,"column":0},"end":{"line":87,"column":23}},"87":{"start":{"line":88,"column":0},"end":{"line":88,"column":27}},"88":{"start":{"line":89,"column":0},"end":{"line":89,"column":47}},"89":{"start":{"line":90,"column":0},"end":{"line":90,"column":14}},"90":{"start":{"line":91,"column":0},"end":{"line":91,"column":8}},"91":{"start":{"line":92,"column":0},"end":{"line":92,"column":64}},"92":{"start":{"line":93,"column":0},"end":{"line":93,"column":18}},"93":{"start":{"line":94,"column":0},"end":{"line":94,"column":5}},"94":{"start":{"line":95,"column":0},"end":{"line":95,"column":50}},"95":{"start":{"line":96,"column":0},"end":{"line":96,"column":17}},"96":{"start":{"line":97,"column":0},"end":{"line":97,"column":3}},"98":{"start":{"line":99,"column":0},"end":{"line":99,"column":5}},"99":{"start":{"line":100,"column":0},"end":{"line":100,"column":51}},"100":{"start":{"line":101,"column":0},"end":{"line":101,"column":5}},"101":{"start":{"line":102,"column":0},"end":{"line":102,"column":21}},"102":{"start":{"line":103,"column":0},"end":{"line":103,"column":9}},"103":{"start":{"line":104,"column":0},"end":{"line":104,"column":63}},"104":{"start":{"line":105,"column":0},"end":{"line":105,"column":18}},"105":{"start":{"line":106,"column":0},"end":{"line":106,"column":13}},"106":{"start":{"line":107,"column":0},"end":{"line":107,"column":19}},"107":{"start":{"line":108,"column":0},"end":{"line":108,"column":5}},"108":{"start":{"line":109,"column":0},"end":{"line":109,"column":3}},"110":{"start":{"line":111,"column":0},"end":{"line":111,"column":5}},"111":{"start":{"line":112,"column":0},"end":{"line":112,"column":34}},"112":{"start":{"line":113,"column":0},"end":{"line":113,"column":5}},"113":{"start":{"line":114,"column":0},"end":{"line":114,"column":19}},"114":{"start":{"line":115,"column":0},"end":{"line":115,"column":56}},"116":{"start":{"line":117,"column":0},"end":{"line":117,"column":34}},"117":{"start":{"line":118,"column":0},"end":{"line":118,"column":82}},"118":{"start":{"line":119,"column":0},"end":{"line":119,"column":62}},"119":{"start":{"line":120,"column":0},"end":{"line":120,"column":18}},"121":{"start":{"line":122,"column":0},"end":{"line":122,"column":50}},"122":{"start":{"line":123,"column":0},"end":{"line":123,"column":57}},"123":{"start":{"line":124,"column":0},"end":{"line":124,"column":15}},"124":{"start":{"line":125,"column":0},"end":{"line":125,"column":2}},"125":{"start":{"line":126,"column":0},"end":{"line":126,"column":52}},"126":{"start":{"line":127,"column":0},"end":{"line":127,"column":54}},"127":{"start":{"line":128,"column":0},"end":{"line":128,"column":18}},"128":{"start":{"line":129,"column":0},"end":{"line":129,"column":5}},"129":{"start":{"line":130,"column":0},"end":{"line":130,"column":46}},"130":{"start":{"line":131,"column":0},"end":{"line":131,"column":17}},"131":{"start":{"line":132,"column":0},"end":{"line":132,"column":3}},"133":{"start":{"line":134,"column":0},"end":{"line":134,"column":5}},"134":{"start":{"line":135,"column":0},"end":{"line":135,"column":45}},"135":{"start":{"line":136,"column":0},"end":{"line":136,"column":5}},"136":{"start":{"line":137,"column":0},"end":{"line":137,"column":20}},"137":{"start":{"line":138,"column":0},"end":{"line":138,"column":34}},"138":{"start":{"line":139,"column":0},"end":{"line":139,"column":13}},"139":{"start":{"line":140,"column":0},"end":{"line":140,"column":5}},"141":{"start":{"line":142,"column":0},"end":{"line":142,"column":68}},"143":{"start":{"line":144,"column":0},"end":{"line":144,"column":30}},"144":{"start":{"line":145,"column":0},"end":{"line":145,"column":39}},"145":{"start":{"line":146,"column":0},"end":{"line":146,"column":64}},"146":{"start":{"line":147,"column":0},"end":{"line":147,"column":5}},"148":{"start":{"line":149,"column":0},"end":{"line":149,"column":45}},"149":{"start":{"line":150,"column":0},"end":{"line":150,"column":44}},"150":{"start":{"line":151,"column":0},"end":{"line":151,"column":50}},"151":{"start":{"line":152,"column":0},"end":{"line":152,"column":13}},"152":{"start":{"line":153,"column":0},"end":{"line":153,"column":5}},"154":{"start":{"line":155,"column":0},"end":{"line":155,"column":29}},"155":{"start":{"line":156,"column":0},"end":{"line":156,"column":39}},"156":{"start":{"line":157,"column":0},"end":{"line":157,"column":62}},"157":{"start":{"line":158,"column":0},"end":{"line":158,"column":42}},"159":{"start":{"line":160,"column":0},"end":{"line":160,"column":56}},"160":{"start":{"line":161,"column":0},"end":{"line":161,"column":46}},"161":{"start":{"line":162,"column":0},"end":{"line":162,"column":3}},"163":{"start":{"line":164,"column":0},"end":{"line":164,"column":5}},"164":{"start":{"line":165,"column":0},"end":{"line":165,"column":52}},"165":{"start":{"line":166,"column":0},"end":{"line":166,"column":5}},"166":{"start":{"line":167,"column":0},"end":{"line":167,"column":23}},"167":{"start":{"line":168,"column":0},"end":{"line":168,"column":44}},"168":{"start":{"line":169,"column":0},"end":{"line":169,"column":3}},"170":{"start":{"line":171,"column":0},"end":{"line":171,"column":5}},"171":{"start":{"line":172,"column":0},"end":{"line":172,"column":28}},"172":{"start":{"line":173,"column":0},"end":{"line":173,"column":5}},"173":{"start":{"line":174,"column":0},"end":{"line":174,"column":18}},"174":{"start":{"line":175,"column":0},"end":{"line":175,"column":9}},"175":{"start":{"line":176,"column":0},"end":{"line":176,"column":65}},"176":{"start":{"line":177,"column":0},"end":{"line":177,"column":33}},"177":{"start":{"line":178,"column":0},"end":{"line":178,"column":21}},"178":{"start":{"line":179,"column":0},"end":{"line":179,"column":18}},"179":{"start":{"line":180,"column":0},"end":{"line":180,"column":5}},"180":{"start":{"line":181,"column":0},"end":{"line":181,"column":3}},"182":{"start":{"line":183,"column":0},"end":{"line":183,"column":5}},"183":{"start":{"line":184,"column":0},"end":{"line":184,"column":27}},"184":{"start":{"line":185,"column":0},"end":{"line":185,"column":5}},"185":{"start":{"line":186,"column":0},"end":{"line":186,"column":27}},"186":{"start":{"line":187,"column":0},"end":{"line":187,"column":38}},"187":{"start":{"line":188,"column":0},"end":{"line":188,"column":53}},"188":{"start":{"line":189,"column":0},"end":{"line":189,"column":5}},"189":{"start":{"line":190,"column":0},"end":{"line":190,"column":83}},"190":{"start":{"line":191,"column":0},"end":{"line":191,"column":3}},"192":{"start":{"line":193,"column":0},"end":{"line":193,"column":5}},"193":{"start":{"line":194,"column":0},"end":{"line":194,"column":54}},"194":{"start":{"line":195,"column":0},"end":{"line":195,"column":5}},"195":{"start":{"line":196,"column":0},"end":{"line":196,"column":19}},"196":{"start":{"line":197,"column":0},"end":{"line":197,"column":43}},"197":{"start":{"line":198,"column":0},"end":{"line":198,"column":39}},"198":{"start":{"line":199,"column":0},"end":{"line":199,"column":5}},"199":{"start":{"line":200,"column":0},"end":{"line":200,"column":3}},"202":{"start":{"line":203,"column":0},"end":{"line":203,"column":5}},"203":{"start":{"line":204,"column":0},"end":{"line":204,"column":75}},"204":{"start":{"line":205,"column":0},"end":{"line":205,"column":5}},"205":{"start":{"line":206,"column":0},"end":{"line":206,"column":34}},"206":{"start":{"line":207,"column":0},"end":{"line":207,"column":68}},"207":{"start":{"line":208,"column":0},"end":{"line":208,"column":62}},"209":{"start":{"line":210,"column":0},"end":{"line":210,"column":34}},"210":{"start":{"line":211,"column":0},"end":{"line":211,"column":45}},"211":{"start":{"line":212,"column":0},"end":{"line":212,"column":14}},"212":{"start":{"line":213,"column":0},"end":{"line":213,"column":21}},"213":{"start":{"line":214,"column":0},"end":{"line":214,"column":116}},"214":{"start":{"line":215,"column":0},"end":{"line":215,"column":8}},"215":{"start":{"line":216,"column":0},"end":{"line":216,"column":5}},"217":{"start":{"line":218,"column":0},"end":{"line":218,"column":41}},"218":{"start":{"line":219,"column":0},"end":{"line":219,"column":75}},"219":{"start":{"line":220,"column":0},"end":{"line":220,"column":54}},"221":{"start":{"line":222,"column":0},"end":{"line":222,"column":20}},"222":{"start":{"line":223,"column":0},"end":{"line":223,"column":14}},"223":{"start":{"line":224,"column":0},"end":{"line":224,"column":21}},"224":{"start":{"line":225,"column":0},"end":{"line":225,"column":98}},"225":{"start":{"line":226,"column":0},"end":{"line":226,"column":8}},"226":{"start":{"line":227,"column":0},"end":{"line":227,"column":5}},"228":{"start":{"line":229,"column":0},"end":{"line":229,"column":55}},"229":{"start":{"line":230,"column":0},"end":{"line":230,"column":76}},"231":{"start":{"line":232,"column":0},"end":{"line":232,"column":38}},"232":{"start":{"line":233,"column":0},"end":{"line":233,"column":23}},"233":{"start":{"line":234,"column":0},"end":{"line":234,"column":36}},"234":{"start":{"line":235,"column":0},"end":{"line":235,"column":32}},"235":{"start":{"line":236,"column":0},"end":{"line":236,"column":6}},"237":{"start":{"line":238,"column":0},"end":{"line":238,"column":51}},"238":{"start":{"line":239,"column":0},"end":{"line":239,"column":26}},"239":{"start":{"line":240,"column":0},"end":{"line":240,"column":14}},"240":{"start":{"line":241,"column":0},"end":{"line":241,"column":21}},"241":{"start":{"line":242,"column":0},"end":{"line":242,"column":94}},"242":{"start":{"line":243,"column":0},"end":{"line":243,"column":8}},"243":{"start":{"line":244,"column":0},"end":{"line":244,"column":5}},"245":{"start":{"line":246,"column":0},"end":{"line":246,"column":45}},"246":{"start":{"line":247,"column":0},"end":{"line":247,"column":39}},"247":{"start":{"line":248,"column":0},"end":{"line":248,"column":14}},"248":{"start":{"line":249,"column":0},"end":{"line":249,"column":21}},"249":{"start":{"line":250,"column":0},"end":{"line":250,"column":377}},"250":{"start":{"line":251,"column":0},"end":{"line":251,"column":8}},"251":{"start":{"line":252,"column":0},"end":{"line":252,"column":5}},"253":{"start":{"line":254,"column":0},"end":{"line":254,"column":62}},"255":{"start":{"line":256,"column":0},"end":{"line":256,"column":43}},"256":{"start":{"line":257,"column":0},"end":{"line":257,"column":15}},"257":{"start":{"line":258,"column":0},"end":{"line":258,"column":9}},"258":{"start":{"line":259,"column":0},"end":{"line":259,"column":67}},"259":{"start":{"line":260,"column":0},"end":{"line":260,"column":21}},"260":{"start":{"line":261,"column":0},"end":{"line":261,"column":14}},"261":{"start":{"line":262,"column":0},"end":{"line":262,"column":21}},"262":{"start":{"line":263,"column":0},"end":{"line":263,"column":261}},"263":{"start":{"line":264,"column":0},"end":{"line":264,"column":8}},"264":{"start":{"line":265,"column":0},"end":{"line":265,"column":5}},"266":{"start":{"line":267,"column":0},"end":{"line":267,"column":24}},"267":{"start":{"line":268,"column":0},"end":{"line":268,"column":55}},"268":{"start":{"line":269,"column":0},"end":{"line":269,"column":14}},"269":{"start":{"line":270,"column":0},"end":{"line":270,"column":21}},"270":{"start":{"line":271,"column":0},"end":{"line":271,"column":416}},"271":{"start":{"line":272,"column":0},"end":{"line":272,"column":8}},"272":{"start":{"line":273,"column":0},"end":{"line":273,"column":5}},"274":{"start":{"line":275,"column":0},"end":{"line":275,"column":54}},"275":{"start":{"line":276,"column":0},"end":{"line":276,"column":27}},"276":{"start":{"line":277,"column":0},"end":{"line":277,"column":3}},"278":{"start":{"line":279,"column":0},"end":{"line":279,"column":5}},"279":{"start":{"line":280,"column":0},"end":{"line":280,"column":56}},"280":{"start":{"line":281,"column":0},"end":{"line":281,"column":5}},"281":{"start":{"line":282,"column":0},"end":{"line":282,"column":50}},"282":{"start":{"line":283,"column":0},"end":{"line":283,"column":63}},"283":{"start":{"line":284,"column":0},"end":{"line":284,"column":46}},"284":{"start":{"line":285,"column":0},"end":{"line":285,"column":3}},"286":{"start":{"line":287,"column":0},"end":{"line":287,"column":5}},"287":{"start":{"line":288,"column":0},"end":{"line":288,"column":53}},"288":{"start":{"line":289,"column":0},"end":{"line":289,"column":5}},"289":{"start":{"line":290,"column":0},"end":{"line":290,"column":18}},"290":{"start":{"line":291,"column":0},"end":{"line":291,"column":54}},"291":{"start":{"line":292,"column":0},"end":{"line":292,"column":3}},"293":{"start":{"line":294,"column":0},"end":{"line":294,"column":5}},"294":{"start":{"line":295,"column":0},"end":{"line":295,"column":31}},"295":{"start":{"line":296,"column":0},"end":{"line":296,"column":5}},"296":{"start":{"line":297,"column":0},"end":{"line":297,"column":16}},"297":{"start":{"line":298,"column":0},"end":{"line":298,"column":72}},"298":{"start":{"line":299,"column":0},"end":{"line":299,"column":60}},"300":{"start":{"line":301,"column":0},"end":{"line":301,"column":24}},"302":{"start":{"line":303,"column":0},"end":{"line":303,"column":42}},"303":{"start":{"line":304,"column":0},"end":{"line":304,"column":35}},"304":{"start":{"line":305,"column":0},"end":{"line":305,"column":37}},"306":{"start":{"line":307,"column":0},"end":{"line":307,"column":55}},"307":{"start":{"line":308,"column":0},"end":{"line":308,"column":81}},"308":{"start":{"line":309,"column":0},"end":{"line":309,"column":91}},"309":{"start":{"line":310,"column":0},"end":{"line":310,"column":51}},"310":{"start":{"line":311,"column":0},"end":{"line":311,"column":122}},"311":{"start":{"line":312,"column":0},"end":{"line":312,"column":69}},"312":{"start":{"line":313,"column":0},"end":{"line":313,"column":7}},"313":{"start":{"line":314,"column":0},"end":{"line":314,"column":37}},"314":{"start":{"line":315,"column":0},"end":{"line":315,"column":72}},"315":{"start":{"line":316,"column":0},"end":{"line":316,"column":55}},"316":{"start":{"line":317,"column":0},"end":{"line":317,"column":48}},"317":{"start":{"line":318,"column":0},"end":{"line":318,"column":13}},"318":{"start":{"line":319,"column":0},"end":{"line":319,"column":12}},"319":{"start":{"line":320,"column":0},"end":{"line":320,"column":20}},"320":{"start":{"line":321,"column":0},"end":{"line":321,"column":51}},"321":{"start":{"line":322,"column":0},"end":{"line":322,"column":5}},"323":{"start":{"line":324,"column":0},"end":{"line":324,"column":25}},"324":{"start":{"line":325,"column":0},"end":{"line":325,"column":27}},"326":{"start":{"line":327,"column":0},"end":{"line":327,"column":22}},"327":{"start":{"line":328,"column":0},"end":{"line":328,"column":27}},"329":{"start":{"line":330,"column":0},"end":{"line":330,"column":36}},"330":{"start":{"line":331,"column":0},"end":{"line":331,"column":25}},"332":{"start":{"line":333,"column":0},"end":{"line":333,"column":47}},"333":{"start":{"line":334,"column":0},"end":{"line":334,"column":26}},"335":{"start":{"line":336,"column":0},"end":{"line":336,"column":48}},"336":{"start":{"line":337,"column":0},"end":{"line":337,"column":65}},"337":{"start":{"line":338,"column":0},"end":{"line":338,"column":34}},"338":{"start":{"line":339,"column":0},"end":{"line":339,"column":53}},"339":{"start":{"line":340,"column":0},"end":{"line":340,"column":54}},"340":{"start":{"line":341,"column":0},"end":{"line":341,"column":22}},"341":{"start":{"line":342,"column":0},"end":{"line":342,"column":5}},"343":{"start":{"line":344,"column":0},"end":{"line":344,"column":28}},"344":{"start":{"line":345,"column":0},"end":{"line":345,"column":20}},"345":{"start":{"line":346,"column":0},"end":{"line":346,"column":18}},"346":{"start":{"line":347,"column":0},"end":{"line":347,"column":31}},"347":{"start":{"line":348,"column":0},"end":{"line":348,"column":26}},"348":{"start":{"line":349,"column":0},"end":{"line":349,"column":29}},"349":{"start":{"line":350,"column":0},"end":{"line":350,"column":28}},"350":{"start":{"line":351,"column":0},"end":{"line":351,"column":44}},"351":{"start":{"line":352,"column":0},"end":{"line":352,"column":8}},"352":{"start":{"line":353,"column":0},"end":{"line":353,"column":35}},"353":{"start":{"line":354,"column":0},"end":{"line":354,"column":5}},"355":{"start":{"line":356,"column":0},"end":{"line":356,"column":58}},"356":{"start":{"line":357,"column":0},"end":{"line":357,"column":49}},"358":{"start":{"line":359,"column":0},"end":{"line":359,"column":37}},"359":{"start":{"line":360,"column":0},"end":{"line":360,"column":33}},"360":{"start":{"line":361,"column":0},"end":{"line":361,"column":51}},"361":{"start":{"line":362,"column":0},"end":{"line":362,"column":33}},"362":{"start":{"line":363,"column":0},"end":{"line":363,"column":25}},"364":{"start":{"line":365,"column":0},"end":{"line":365,"column":61}},"365":{"start":{"line":366,"column":0},"end":{"line":366,"column":33}},"366":{"start":{"line":367,"column":0},"end":{"line":367,"column":79}},"367":{"start":{"line":368,"column":0},"end":{"line":368,"column":59}},"368":{"start":{"line":369,"column":0},"end":{"line":369,"column":67}},"369":{"start":{"line":370,"column":0},"end":{"line":370,"column":60}},"370":{"start":{"line":371,"column":0},"end":{"line":371,"column":3}},"372":{"start":{"line":373,"column":0},"end":{"line":373,"column":5}},"373":{"start":{"line":374,"column":0},"end":{"line":374,"column":35}},"374":{"start":{"line":375,"column":0},"end":{"line":375,"column":5}},"375":{"start":{"line":376,"column":0},"end":{"line":376,"column":12}},"376":{"start":{"line":377,"column":0},"end":{"line":377,"column":45}},"377":{"start":{"line":378,"column":0},"end":{"line":378,"column":58}},"378":{"start":{"line":379,"column":0},"end":{"line":379,"column":60}},"380":{"start":{"line":381,"column":0},"end":{"line":381,"column":31}},"381":{"start":{"line":382,"column":0},"end":{"line":382,"column":72}},"382":{"start":{"line":383,"column":0},"end":{"line":383,"column":72}},"384":{"start":{"line":385,"column":0},"end":{"line":385,"column":94}},"386":{"start":{"line":387,"column":0},"end":{"line":387,"column":31}},"387":{"start":{"line":388,"column":0},"end":{"line":388,"column":65}},"388":{"start":{"line":389,"column":0},"end":{"line":389,"column":5}},"389":{"start":{"line":390,"column":0},"end":{"line":390,"column":3}},"390":{"start":{"line":391,"column":0},"end":{"line":391,"column":1}},"392":{"start":{"line":393,"column":0},"end":{"line":393,"column":25}},"395":{"start":{"line":396,"column":0},"end":{"line":396,"column":60}},"396":{"start":{"line":397,"column":0},"end":{"line":397,"column":54}},"397":{"start":{"line":398,"column":0},"end":{"line":398,"column":44}},"398":{"start":{"line":399,"column":0},"end":{"line":399,"column":43}},"400":{"start":{"line":401,"column":0},"end":{"line":401,"column":20}},"401":{"start":{"line":402,"column":0},"end":{"line":402,"column":16}},"402":{"start":{"line":403,"column":0},"end":{"line":403,"column":23}},"403":{"start":{"line":404,"column":0},"end":{"line":404,"column":12}},"404":{"start":{"line":405,"column":0},"end":{"line":405,"column":18}},"405":{"start":{"line":406,"column":0},"end":{"line":406,"column":25}},"406":{"start":{"line":407,"column":0},"end":{"line":407,"column":12}},"407":{"start":{"line":408,"column":0},"end":{"line":408,"column":12}},"408":{"start":{"line":409,"column":0},"end":{"line":409,"column":71}},"409":{"start":{"line":410,"column":0},"end":{"line":410,"column":22}},"410":{"start":{"line":411,"column":0},"end":{"line":411,"column":3}},"411":{"start":{"line":412,"column":0},"end":{"line":412,"column":1}}},"s":{"0":1,"8":1,"9":1,"11":1,"12":1,"13":1,"14":1,"15":1,"16":1,"17":1,"18":1,"20":1,"21":1,"22":35,"23":35,"24":35,"25":35,"26":35,"28":1,"29":1,"30":1,"31":1,"32":5,"33":5,"35":1,"36":1,"37":1,"38":1,"39":5,"40":5,"42":1,"43":1,"44":1,"45":1,"46":6,"47":6,"49":1,"50":1,"51":1,"52":1,"53":0,"54":0,"55":0,"56":0,"57":0,"58":0,"59":0,"60":0,"62":1,"63":1,"64":1,"65":1,"66":2,"67":2,"68":2,"69":2,"70":2,"71":2,"72":2,"73":2,"74":2,"75":2,"76":2,"77":2,"78":2,"79":2,"80":2,"81":2,"82":2,"83":2,"84":2,"86":2,"87":2,"88":2,"89":2,"90":2,"91":2,"92":2,"93":2,"94":0,"95":0,"96":2,"98":1,"99":1,"100":1,"101":1,"102":0,"103":0,"104":0,"105":0,"106":0,"107":0,"108":0,"110":1,"111":1,"112":1,"113":1,"114":0,"116":0,"117":0,"118":0,"119":0,"121":0,"122":0,"123":0,"124":0,"125":0,"126":0,"127":0,"128":0,"129":0,"130":0,"131":0,"133":1,"134":1,"135":1,"136":1,"137":0,"138":0,"139":0,"141":0,"143":0,"144":0,"145":0,"146":0,"148":0,"149":0,"150":0,"151":0,"152":0,"154":0,"155":0,"156":0,"157":0,"159":0,"160":0,"161":0,"163":1,"164":1,"165":1,"166":1,"167":0,"168":0,"170":1,"171":1,"172":1,"173":1,"174":0,"175":0,"176":0,"177":0,"178":0,"179":0,"180":0,"182":1,"183":1,"184":1,"185":1,"186":0,"187":0,"188":0,"189":0,"190":0,"192":1,"193":1,"194":1,"195":1,"196":0,"197":0,"198":0,"199":0,"202":1,"203":1,"204":1,"205":1,"206":18,"207":18,"209":18,"210":18,"211":1,"212":1,"213":1,"214":1,"215":1,"217":17,"218":17,"219":18,"221":18,"222":1,"223":1,"224":1,"225":1,"226":1,"228":18,"229":18,"231":18,"232":18,"233":18,"234":18,"235":18,"237":18,"238":18,"239":1,"240":1,"241":1,"242":1,"243":1,"245":15,"246":18,"247":4,"248":4,"249":4,"250":4,"251":4,"253":11,"255":11,"256":11,"257":11,"258":11,"259":18,"260":1,"261":1,"262":1,"263":1,"264":1,"266":18,"267":3,"268":3,"269":3,"270":3,"271":3,"272":3,"274":7,"275":7,"276":18,"278":1,"279":1,"280":1,"281":1,"282":0,"283":0,"284":0,"286":1,"287":1,"288":1,"289":1,"290":3,"291":3,"293":1,"294":1,"295":1,"296":1,"297":0,"298":0,"300":0,"302":0,"303":0,"304":0,"306":0,"307":0,"308":0,"309":0,"310":0,"311":0,"312":0,"313":0,"314":0,"315":0,"316":0,"317":0,"318":0,"319":0,"320":0,"321":0,"323":0,"324":0,"326":0,"327":0,"329":0,"330":0,"332":0,"333":0,"335":0,"336":0,"337":0,"338":0,"339":0,"340":0,"341":0,"343":0,"344":0,"345":0,"346":0,"347":0,"348":0,"349":0,"350":0,"351":0,"352":0,"353":0,"355":0,"356":0,"358":0,"359":0,"360":0,"361":0,"362":0,"364":0,"365":0,"366":0,"367":0,"368":0,"369":0,"370":0,"372":1,"373":1,"374":1,"375":1,"376":0,"377":0,"378":0,"380":0,"381":0,"382":0,"384":0,"386":0,"387":0,"388":0,"389":0,"390":1,"392":1,"395":1,"396":1,"397":0,"398":0,"400":0,"401":0,"402":0,"403":0,"404":0,"405":0,"406":0,"407":0,"408":0,"409":0,"410":0,"411":0},"branchMap":{"0":{"type":"branch","line":397,"loc":{"start":{"line":397,"column":53},"end":{"line":412,"column":1}},"locations":[{"start":{"line":397,"column":53},"end":{"line":412,"column":1}}]},"1":{"type":"branch","line":22,"loc":{"start":{"line":22,"column":2},"end":{"line":27,"column":3}},"locations":[{"start":{"line":22,"column":2},"end":{"line":27,"column":3}}]},"2":{"type":"branch","line":23,"loc":{"start":{"line":23,"column":35},"end":{"line":23,"column":51}},"locations":[{"start":{"line":23,"column":35},"end":{"line":23,"column":51}}]},"3":{"type":"branch","line":32,"loc":{"start":{"line":32,"column":2},"end":{"line":34,"column":3}},"locations":[{"start":{"line":32,"column":2},"end":{"line":34,"column":3}}]},"4":{"type":"branch","line":39,"loc":{"start":{"line":39,"column":2},"end":{"line":41,"column":3}},"locations":[{"start":{"line":39,"column":2},"end":{"line":41,"column":3}}]},"5":{"type":"branch","line":46,"loc":{"start":{"line":46,"column":2},"end":{"line":48,"column":3}},"locations":[{"start":{"line":46,"column":2},"end":{"line":48,"column":3}}]},"6":{"type":"branch","line":66,"loc":{"start":{"line":66,"column":2},"end":{"line":97,"column":3}},"locations":[{"start":{"line":66,"column":2},"end":{"line":97,"column":3}}]},"7":{"type":"branch","line":94,"loc":{"start":{"line":94,"column":4},"end":{"line":97,"column":2}},"locations":[{"start":{"line":94,"column":4},"end":{"line":97,"column":2}}]},"8":{"type":"branch","line":206,"loc":{"start":{"line":206,"column":2},"end":{"line":277,"column":3}},"locations":[{"start":{"line":206,"column":2},"end":{"line":277,"column":3}}]},"9":{"type":"branch","line":211,"loc":{"start":{"line":211,"column":44},"end":{"line":216,"column":5}},"locations":[{"start":{"line":211,"column":44},"end":{"line":216,"column":5}}]},"10":{"type":"branch","line":216,"loc":{"start":{"line":216,"column":4},"end":{"line":220,"column":53}},"locations":[{"start":{"line":216,"column":4},"end":{"line":220,"column":53}}]},"11":{"type":"branch","line":220,"loc":{"start":{"line":220,"column":48},"end":{"line":220,"column":53}},"locations":[{"start":{"line":220,"column":48},"end":{"line":220,"column":53}}]},"12":{"type":"branch","line":222,"loc":{"start":{"line":222,"column":19},"end":{"line":227,"column":5}},"locations":[{"start":{"line":222,"column":19},"end":{"line":227,"column":5}}]},"13":{"type":"branch","line":227,"loc":{"start":{"line":227,"column":4},"end":{"line":229,"column":43}},"locations":[{"start":{"line":227,"column":4},"end":{"line":229,"column":43}}]},"14":{"type":"branch","line":229,"loc":{"start":{"line":229,"column":43},"end":{"line":229,"column":54}},"locations":[{"start":{"line":229,"column":43},"end":{"line":229,"column":54}}]},"15":{"type":"branch","line":230,"loc":{"start":{"line":230,"column":44},"end":{"line":230,"column":75}},"locations":[{"start":{"line":230,"column":44},"end":{"line":230,"column":75}}]},"16":{"type":"branch","line":239,"loc":{"start":{"line":239,"column":25},"end":{"line":244,"column":5}},"locations":[{"start":{"line":239,"column":25},"end":{"line":244,"column":5}}]},"17":{"type":"branch","line":244,"loc":{"start":{"line":244,"column":4},"end":{"line":247,"column":38}},"locations":[{"start":{"line":244,"column":4},"end":{"line":247,"column":38}}]},"18":{"type":"branch","line":247,"loc":{"start":{"line":247,"column":38},"end":{"line":252,"column":5}},"locations":[{"start":{"line":247,"column":38},"end":{"line":252,"column":5}}]},"19":{"type":"branch","line":250,"loc":{"start":{"line":250,"column":281},"end":{"line":250,"column":330}},"locations":[{"start":{"line":250,"column":281},"end":{"line":250,"column":330}}]},"20":{"type":"branch","line":250,"loc":{"start":{"line":250,"column":331},"end":{"line":250,"column":375}},"locations":[{"start":{"line":250,"column":331},"end":{"line":250,"column":375}}]},"21":{"type":"branch","line":252,"loc":{"start":{"line":252,"column":4},"end":{"line":260,"column":6}},"locations":[{"start":{"line":252,"column":4},"end":{"line":260,"column":6}}]},"22":{"type":"branch","line":252,"loc":{"start":{"line":252,"column":4},"end":{"line":259,"column":67}},"locations":[{"start":{"line":252,"column":4},"end":{"line":259,"column":67}}]},"23":{"type":"branch","line":259,"loc":{"start":{"line":259,"column":66},"end":{"line":260,"column":6}},"locations":[{"start":{"line":259,"column":66},"end":{"line":260,"column":6}}]},"24":{"type":"branch","line":260,"loc":{"start":{"line":260,"column":6},"end":{"line":265,"column":5}},"locations":[{"start":{"line":260,"column":6},"end":{"line":265,"column":5}}]},"25":{"type":"branch","line":265,"loc":{"start":{"line":265,"column":4},"end":{"line":267,"column":23}},"locations":[{"start":{"line":265,"column":4},"end":{"line":267,"column":23}}]},"26":{"type":"branch","line":267,"loc":{"start":{"line":267,"column":23},"end":{"line":273,"column":5}},"locations":[{"start":{"line":267,"column":23},"end":{"line":273,"column":5}}]},"27":{"type":"branch","line":268,"loc":{"start":{"line":268,"column":36},"end":{"line":268,"column":54}},"locations":[{"start":{"line":268,"column":36},"end":{"line":268,"column":54}}]},"28":{"type":"branch","line":271,"loc":{"start":{"line":271,"column":370},"end":{"line":271,"column":414}},"locations":[{"start":{"line":271,"column":370},"end":{"line":271,"column":414}}]},"29":{"type":"branch","line":273,"loc":{"start":{"line":273,"column":4},"end":{"line":277,"column":2}},"locations":[{"start":{"line":273,"column":4},"end":{"line":277,"column":2}}]},"30":{"type":"branch","line":290,"loc":{"start":{"line":290,"column":2},"end":{"line":292,"column":3}},"locations":[{"start":{"line":290,"column":2},"end":{"line":292,"column":3}}]},"31":{"type":"branch","line":291,"loc":{"start":{"line":291,"column":31},"end":{"line":291,"column":53}},"locations":[{"start":{"line":291,"column":31},"end":{"line":291,"column":53}}]}},"b":{"0":[0],"1":[35],"2":[1],"3":[5],"4":[5],"5":[6],"6":[2],"7":[0],"8":[18],"9":[1],"10":[17],"11":[16],"12":[1],"13":[16],"14":[0],"15":[0],"16":[1],"17":[15],"18":[4],"19":[2],"20":[2],"21":[13],"22":[11],"23":[10],"24":[1],"25":[10],"26":[3],"27":[0],"28":[0],"29":[7],"30":[3],"31":[2]},"fnMap":{"0":{"name":"ProjectInitiator","decl":{"start":{"line":22,"column":2},"end":{"line":27,"column":3}},"loc":{"start":{"line":22,"column":2},"end":{"line":27,"column":3}},"line":22},"1":{"name":"getProjectName","decl":{"start":{"line":32,"column":2},"end":{"line":34,"column":3}},"loc":{"start":{"line":32,"column":2},"end":{"line":34,"column":3}},"line":32},"2":{"name":"hasAvcFolder","decl":{"start":{"line":39,"column":2},"end":{"line":41,"column":3}},"loc":{"start":{"line":39,"column":2},"end":{"line":41,"column":3}},"line":39},"3":{"name":"hasAvcConfig","decl":{"start":{"line":46,"column":2},"end":{"line":48,"column":3}},"loc":{"start":{"line":46,"column":2},"end":{"line":48,"column":3}},"line":46},"4":{"name":"createAvcFolder","decl":{"start":{"line":53,"column":2},"end":{"line":61,"column":3}},"loc":{"start":{"line":53,"column":2},"end":{"line":61,"column":3}},"line":53},"5":{"name":"createAvcConfig","decl":{"start":{"line":66,"column":2},"end":{"line":97,"column":3}},"loc":{"start":{"line":66,"column":2},"end":{"line":97,"column":3}},"line":66},"6":{"name":"isGitRepository","decl":{"start":{"line":102,"column":2},"end":{"line":109,"column":3}},"loc":{"start":{"line":102,"column":2},"end":{"line":109,"column":3}},"line":102},"7":{"name":"createEnvFile","decl":{"start":{"line":114,"column":2},"end":{"line":132,"column":3}},"loc":{"start":{"line":114,"column":2},"end":{"line":132,"column":3}},"line":114},"8":{"name":"addToGitignore","decl":{"start":{"line":137,"column":2},"end":{"line":162,"column":3}},"loc":{"start":{"line":137,"column":2},"end":{"line":162,"column":3}},"line":137},"9":{"name":"hasIncompleteInit","decl":{"start":{"line":167,"column":2},"end":{"line":169,"column":3}},"loc":{"start":{"line":167,"column":2},"end":{"line":169,"column":3}},"line":167},"10":{"name":"readProgress","decl":{"start":{"line":174,"column":2},"end":{"line":181,"column":3}},"loc":{"start":{"line":174,"column":2},"end":{"line":181,"column":3}},"line":174},"11":{"name":"writeProgress","decl":{"start":{"line":186,"column":2},"end":{"line":191,"column":3}},"loc":{"start":{"line":186,"column":2},"end":{"line":191,"column":3}},"line":186},"12":{"name":"clearProgress","decl":{"start":{"line":196,"column":2},"end":{"line":200,"column":3}},"loc":{"start":{"line":196,"column":2},"end":{"line":200,"column":3}},"line":196},"13":{"name":"validateProviderApiKey","decl":{"start":{"line":206,"column":2},"end":{"line":277,"column":3}},"loc":{"start":{"line":206,"column":2},"end":{"line":277,"column":3}},"line":206},"14":{"name":"generateProjectDocument","decl":{"start":{"line":282,"column":2},"end":{"line":285,"column":3}},"loc":{"start":{"line":282,"column":2},"end":{"line":285,"column":3}},"line":282},"15":{"name":"isAvcProject","decl":{"start":{"line":290,"column":2},"end":{"line":292,"column":3}},"loc":{"start":{"line":290,"column":2},"end":{"line":292,"column":3}},"line":290},"16":{"name":"init","decl":{"start":{"line":297,"column":2},"end":{"line":371,"column":3}},"loc":{"start":{"line":297,"column":2},"end":{"line":371,"column":3}},"line":297},"17":{"name":"status","decl":{"start":{"line":376,"column":2},"end":{"line":390,"column":3}},"loc":{"start":{"line":376,"column":2},"end":{"line":390,"column":3}},"line":376}},"f":{"0":35,"1":5,"2":5,"3":6,"4":0,"5":2,"6":0,"7":0,"8":0,"9":0,"10":0,"11":0,"12":0,"13":18,"14":0,"15":3,"16":0,"17":0}}
,"/mnt/x/Git/nacho.coll/agilevibecoding/src/cli/llm-claude.js": {"path":"/mnt/x/Git/nacho.coll/agilevibecoding/src/cli/llm-claude.js","all":false,"statementMap":{"0":{"start":{"line":1,"column":0},"end":{"line":1,"column":42}},"3":{"start":{"line":4,"column":0},"end":{"line":4,"column":49}},"4":{"start":{"line":5,"column":0},"end":{"line":5,"column":48}},"6":{"start":{"line":7,"column":0},"end":{"line":7,"column":19}},"7":{"start":{"line":8,"column":0},"end":{"line":8,"column":49}},"8":{"start":{"line":9,"column":0},"end":{"line":9,"column":89}},"9":{"start":{"line":10,"column":0},"end":{"line":10,"column":37}},"10":{"start":{"line":11,"column":0},"end":{"line":11,"column":3}},"12":{"start":{"line":13,"column":0},"end":{"line":13,"column":42}},"13":{"start":{"line":14,"column":0},"end":{"line":14,"column":57}},"14":{"start":{"line":15,"column":0},"end":{"line":15,"column":24}},"15":{"start":{"line":16,"column":0},"end":{"line":16,"column":28}},"16":{"start":{"line":17,"column":0},"end":{"line":17,"column":51}},"17":{"start":{"line":18,"column":0},"end":{"line":18,"column":7}},"18":{"start":{"line":19,"column":0},"end":{"line":19,"column":36}},"19":{"start":{"line":20,"column":0},"end":{"line":20,"column":3}},"20":{"start":{"line":21,"column":0},"end":{"line":21,"column":1}}},"s":{"0":1,"3":1,"4":1,"6":1,"7":7,"8":7,"9":5,"10":7,"12":1,"13":5,"14":5,"15":5,"16":5,"17":5,"18":3,"19":5,"20":1},"branchMap":{"0":{"type":"branch","line":5,"loc":{"start":{"line":5,"column":2},"end":{"line":5,"column":48}},"locations":[{"start":{"line":5,"column":2},"end":{"line":5,"column":48}}]},"1":{"type":"branch","line":7,"loc":{"start":{"line":7,"column":2},"end":{"line":11,"column":3}},"locations":[{"start":{"line":7,"column":2},"end":{"line":11,"column":3}}]},"2":{"type":"branch","line":9,"loc":{"start":{"line":9,"column":17},"end":{"line":9,"column":89}},"locations":[{"start":{"line":9,"column":17},"end":{"line":9,"column":89}}]},"3":{"type":"branch","line":9,"loc":{"start":{"line":9,"column":88},"end":{"line":11,"column":2}},"locations":[{"start":{"line":9,"column":88},"end":{"line":11,"column":2}}]},"4":{"type":"branch","line":13,"loc":{"start":{"line":13,"column":2},"end":{"line":20,"column":3}},"locations":[{"start":{"line":13,"column":2},"end":{"line":20,"column":3}}]},"5":{"type":"branch","line":18,"loc":{"start":{"line":18,"column":6},"end":{"line":20,"column":2}},"locations":[{"start":{"line":18,"column":6},"end":{"line":20,"column":2}}]}},"b":{"0":[20],"1":[7],"2":[2],"3":[5],"4":[5],"5":[3]},"fnMap":{"0":{"name":"ClaudeProvider","decl":{"start":{"line":5,"column":2},"end":{"line":5,"column":48}},"loc":{"start":{"line":5,"column":2},"end":{"line":5,"column":48}},"line":5},"1":{"name":"_createClient","decl":{"start":{"line":7,"column":2},"end":{"line":11,"column":3}},"loc":{"start":{"line":7,"column":2},"end":{"line":11,"column":3}},"line":7},"2":{"name":"_callProvider","decl":{"start":{"line":13,"column":2},"end":{"line":20,"column":3}},"loc":{"start":{"line":13,"column":2},"end":{"line":20,"column":3}},"line":13}},"f":{"0":20,"1":7,"2":5}}
,"/mnt/x/Git/nacho.coll/agilevibecoding/src/cli/llm-gemini.js": {"path":"/mnt/x/Git/nacho.coll/agilevibecoding/src/cli/llm-gemini.js","all":false,"statementMap":{"0":{"start":{"line":1,"column":0},"end":{"line":1,"column":44}},"3":{"start":{"line":4,"column":0},"end":{"line":4,"column":49}},"4":{"start":{"line":5,"column":0},"end":{"line":5,"column":69}},"6":{"start":{"line":7,"column":0},"end":{"line":7,"column":19}},"7":{"start":{"line":8,"column":0},"end":{"line":8,"column":46}},"8":{"start":{"line":9,"column":0},"end":{"line":9,"column":86}},"9":{"start":{"line":10,"column":0},"end":{"line":10,"column":39}},"10":{"start":{"line":11,"column":0},"end":{"line":11,"column":3}},"12":{"start":{"line":13,"column":0},"end":{"line":13,"column":42}},"13":{"start":{"line":14,"column":0},"end":{"line":14,"column":64}},"14":{"start":{"line":15,"column":0},"end":{"line":15,"column":24}},"15":{"start":{"line":16,"column":0},"end":{"line":16,"column":23}},"16":{"start":{"line":17,"column":0},"end":{"line":17,"column":54}},"17":{"start":{"line":18,"column":0},"end":{"line":18,"column":7}},"18":{"start":{"line":19,"column":0},"end":{"line":19,"column":25}},"19":{"start":{"line":20,"column":0},"end":{"line":20,"column":81}},"20":{"start":{"line":21,"column":0},"end":{"line":21,"column":5}},"21":{"start":{"line":22,"column":0},"end":{"line":22,"column":25}},"22":{"start":{"line":23,"column":0},"end":{"line":23,"column":3}},"23":{"start":{"line":24,"column":0},"end":{"line":24,"column":1}}},"s":{"0":1,"3":1,"4":1,"6":1,"7":5,"8":5,"9":3,"10":5,"12":1,"13":7,"14":7,"15":7,"16":7,"17":7,"18":7,"19":2,"20":2,"21":3,"22":7,"23":1},"branchMap":{"0":{"type":"branch","line":5,"loc":{"start":{"line":5,"column":2},"end":{"line":5,"column":69}},"locations":[{"start":{"line":5,"column":2},"end":{"line":5,"column":69}}]},"1":{"type":"branch","line":7,"loc":{"start":{"line":7,"column":2},"end":{"line":11,"column":3}},"locations":[{"start":{"line":7,"column":2},"end":{"line":11,"column":3}}]},"2":{"type":"branch","line":9,"loc":{"start":{"line":9,"column":17},"end":{"line":9,"column":86}},"locations":[{"start":{"line":9,"column":17},"end":{"line":9,"column":86}}]},"3":{"type":"branch","line":9,"loc":{"start":{"line":9,"column":85},"end":{"line":11,"column":2}},"locations":[{"start":{"line":9,"column":85},"end":{"line":11,"column":2}}]},"4":{"type":"branch","line":13,"loc":{"start":{"line":13,"column":2},"end":{"line":23,"column":3}},"locations":[{"start":{"line":13,"column":2},"end":{"line":23,"column":3}}]},"5":{"type":"branch","line":18,"loc":{"start":{"line":18,"column":6},"end":{"line":19,"column":24}},"locations":[{"start":{"line":18,"column":6},"end":{"line":19,"column":24}}]},"6":{"type":"branch","line":19,"loc":{"start":{"line":19,"column":24},"end":{"line":21,"column":5}},"locations":[{"start":{"line":19,"column":24},"end":{"line":21,"column":5}}]},"7":{"type":"branch","line":21,"loc":{"start":{"line":21,"column":4},"end":{"line":23,"column":2}},"locations":[{"start":{"line":21,"column":4},"end":{"line":23,"column":2}}]}},"b":{"0":[19],"1":[5],"2":[2],"3":[3],"4":[7],"5":[5],"6":[2],"7":[3]},"fnMap":{"0":{"name":"GeminiProvider","decl":{"start":{"line":5,"column":2},"end":{"line":5,"column":69}},"loc":{"start":{"line":5,"column":2},"end":{"line":5,"column":69}},"line":5},"1":{"name":"_createClient","decl":{"start":{"line":7,"column":2},"end":{"line":11,"column":3}},"loc":{"start":{"line":7,"column":2},"end":{"line":11,"column":3}},"line":7},"2":{"name":"_callProvider","decl":{"start":{"line":13,"column":2},"end":{"line":23,"column":3}},"loc":{"start":{"line":13,"column":2},"end":{"line":23,"column":3}},"line":13}},"f":{"0":19,"1":5,"2":7}}
,"/mnt/x/Git/nacho.coll/agilevibecoding/src/cli/llm-provider.js": {"path":"/mnt/x/Git/nacho.coll/agilevibecoding/src/cli/llm-provider.js","all":false,"statementMap":{"0":{"start":{"line":1,"column":0},"end":{"line":1,"column":26}},"1":{"start":{"line":2,"column":0},"end":{"line":2,"column":36}},"2":{"start":{"line":3,"column":0},"end":{"line":3,"column":37}},"3":{"start":{"line":4,"column":0},"end":{"line":4,"column":23}},"4":{"start":{"line":5,"column":0},"end":{"line":5,"column":24}},"5":{"start":{"line":6,"column":0},"end":{"line":6,"column":3}},"7":{"start":{"line":8,"column":0},"end":{"line":8,"column":76}},"8":{"start":{"line":9,"column":0},"end":{"line":9,"column":44}},"9":{"start":{"line":10,"column":0},"end":{"line":10,"column":27}},"10":{"start":{"line":11,"column":0},"end":{"line":11,"column":22}},"11":{"start":{"line":12,"column":0},"end":{"line":12,"column":67}},"12":{"start":{"line":13,"column":0},"end":{"line":13,"column":41}},"13":{"start":{"line":14,"column":0},"end":{"line":14,"column":7}},"14":{"start":{"line":15,"column":0},"end":{"line":15,"column":22}},"15":{"start":{"line":16,"column":0},"end":{"line":16,"column":67}},"16":{"start":{"line":17,"column":0},"end":{"line":17,"column":41}},"17":{"start":{"line":18,"column":0},"end":{"line":18,"column":7}},"18":{"start":{"line":19,"column":0},"end":{"line":19,"column":14}},"19":{"start":{"line":20,"column":0},"end":{"line":20,"column":94}},"20":{"start":{"line":21,"column":0},"end":{"line":21,"column":5}},"21":{"start":{"line":22,"column":0},"end":{"line":22,"column":3}},"23":{"start":{"line":24,"column":0},"end":{"line":24,"column":64}},"24":{"start":{"line":25,"column":0},"end":{"line":25,"column":43}},"25":{"start":{"line":26,"column":0},"end":{"line":26,"column":24}},"26":{"start":{"line":27,"column":0},"end":{"line":27,"column":42}},"27":{"start":{"line":28,"column":0},"end":{"line":28,"column":5}},"28":{"start":{"line":29,"column":0},"end":{"line":29,"column":49}},"29":{"start":{"line":30,"column":0},"end":{"line":30,"column":3}},"31":{"start":{"line":32,"column":0},"end":{"line":32,"column":72}},"32":{"start":{"line":33,"column":0},"end":{"line":33,"column":26}},"33":{"start":{"line":34,"column":0},"end":{"line":34,"column":9}},"34":{"start":{"line":35,"column":0},"end":{"line":35,"column":62}},"35":{"start":{"line":36,"column":0},"end":{"line":36,"column":63}},"36":{"start":{"line":37,"column":0},"end":{"line":37,"column":29}},"37":{"start":{"line":38,"column":0},"end":{"line":38,"column":21}},"38":{"start":{"line":39,"column":0},"end":{"line":39,"column":14}},"39":{"start":{"line":40,"column":0},"end":{"line":40,"column":21}},"40":{"start":{"line":41,"column":0},"end":{"line":41,"column":29}},"41":{"start":{"line":42,"column":0},"end":{"line":42,"column":40}},"42":{"start":{"line":43,"column":0},"end":{"line":43,"column":8}},"43":{"start":{"line":44,"column":0},"end":{"line":44,"column":5}},"44":{"start":{"line":45,"column":0},"end":{"line":45,"column":3}},"46":{"start":{"line":47,"column":0},"end":{"line":47,"column":48}},"47":{"start":{"line":48,"column":0},"end":{"line":48,"column":46}},"48":{"start":{"line":49,"column":0},"end":{"line":49,"column":9}},"49":{"start":{"line":50,"column":0},"end":{"line":50,"column":69}},"50":{"start":{"line":51,"column":0},"end":{"line":51,"column":45}},"51":{"start":{"line":52,"column":0},"end":{"line":52,"column":21}},"52":{"start":{"line":53,"column":0},"end":{"line":53,"column":14}},"53":{"start":{"line":54,"column":0},"end":{"line":54,"column":21}},"54":{"start":{"line":55,"column":0},"end":{"line":55,"column":28}},"55":{"start":{"line":56,"column":0},"end":{"line":56,"column":8}},"56":{"start":{"line":57,"column":0},"end":{"line":57,"column":5}},"57":{"start":{"line":58,"column":0},"end":{"line":58,"column":3}},"59":{"start":{"line":60,"column":0},"end":{"line":60,"column":45}},"60":{"start":{"line":61,"column":0},"end":{"line":61,"column":97}},"61":{"start":{"line":62,"column":0},"end":{"line":62,"column":103}},"62":{"start":{"line":63,"column":0},"end":{"line":63,"column":1}}},"s":{"0":1,"1":1,"2":41,"3":41,"4":41,"5":41,"7":1,"8":1,"9":14,"10":14,"11":8,"12":8,"13":8,"14":14,"15":2,"16":2,"17":2,"18":14,"19":4,"20":14,"21":14,"23":1,"24":1,"25":7,"26":6,"27":6,"28":7,"29":7,"31":1,"32":1,"33":4,"34":4,"35":4,"36":1,"37":4,"38":3,"39":3,"40":3,"41":3,"42":3,"43":3,"44":4,"46":1,"47":1,"48":4,"49":4,"50":3,"51":4,"52":1,"53":1,"54":1,"55":1,"56":1,"57":4,"59":1,"60":1,"61":1,"62":1},"branchMap":{"0":{"type":"branch","line":2,"loc":{"start":{"line":2,"column":2},"end":{"line":6,"column":3}},"locations":[{"start":{"line":2,"column":2},"end":{"line":6,"column":3}}]},"1":{"type":"branch","line":9,"loc":{"start":{"line":9,"column":9},"end":{"line":22,"column":3}},"locations":[{"start":{"line":9,"column":9},"end":{"line":22,"column":3}}]},"2":{"type":"branch","line":11,"loc":{"start":{"line":11,"column":6},"end":{"line":14,"column":7}},"locations":[{"start":{"line":11,"column":6},"end":{"line":14,"column":7}}]},"3":{"type":"branch","line":15,"loc":{"start":{"line":15,"column":6},"end":{"line":18,"column":7}},"locations":[{"start":{"line":15,"column":6},"end":{"line":18,"column":7}}]},"4":{"type":"branch","line":19,"loc":{"start":{"line":19,"column":6},"end":{"line":20,"column":94}},"locations":[{"start":{"line":19,"column":6},"end":{"line":20,"column":94}}]},"5":{"type":"branch","line":25,"loc":{"start":{"line":25,"column":2},"end":{"line":30,"column":3}},"locations":[{"start":{"line":25,"column":2},"end":{"line":30,"column":3}}]},"6":{"type":"branch","line":26,"loc":{"start":{"line":26,"column":23},"end":{"line":28,"column":5}},"locations":[{"start":{"line":26,"column":23},"end":{"line":28,"column":5}}]},"7":{"type":"branch","line":33,"loc":{"start":{"line":33,"column":2},"end":{"line":45,"column":3}},"locations":[{"start":{"line":33,"column":2},"end":{"line":45,"column":3}}]},"8":{"type":"branch","line":36,"loc":{"start":{"line":36,"column":62},"end":{"line":38,"column":6}},"locations":[{"start":{"line":36,"column":62},"end":{"line":38,"column":6}}]},"9":{"type":"branch","line":38,"loc":{"start":{"line":38,"column":6},"end":{"line":44,"column":5}},"locations":[{"start":{"line":38,"column":6},"end":{"line":44,"column":5}}]},"10":{"type":"branch","line":42,"loc":{"start":{"line":42,"column":27},"end":{"line":42,"column":40}},"locations":[{"start":{"line":42,"column":27},"end":{"line":42,"column":40}}]},"11":{"type":"branch","line":48,"loc":{"start":{"line":48,"column":9},"end":{"line":58,"column":3}},"locations":[{"start":{"line":48,"column":9},"end":{"line":58,"column":3}}]},"12":{"type":"branch","line":50,"loc":{"start":{"line":50,"column":68},"end":{"line":52,"column":6}},"locations":[{"start":{"line":50,"column":68},"end":{"line":52,"column":6}}]},"13":{"type":"branch","line":52,"loc":{"start":{"line":52,"column":6},"end":{"line":57,"column":5}},"locations":[{"start":{"line":52,"column":6},"end":{"line":57,"column":5}}]},"14":{"type":"branch","line":61,"loc":{"start":{"line":61,"column":2},"end":{"line":61,"column":97}},"locations":[{"start":{"line":61,"column":2},"end":{"line":61,"column":97}}]},"15":{"type":"branch","line":62,"loc":{"start":{"line":62,"column":2},"end":{"line":62,"column":103}},"locations":[{"start":{"line":62,"column":2},"end":{"line":62,"column":103}}]}},"b":{"0":[41],"1":[14],"2":[8],"3":[2],"4":[4],"5":[7],"6":[6],"7":[4],"8":[1],"9":[3],"10":[2],"11":[4],"12":[3],"13":[1],"14":[1],"15":[1]},"fnMap":{"0":{"name":"LLMProvider","decl":{"start":{"line":2,"column":2},"end":{"line":6,"column":3}},"loc":{"start":{"line":2,"column":2},"end":{"line":6,"column":3}},"line":2},"1":{"name":"create","decl":{"start":{"line":9,"column":9},"end":{"line":22,"column":3}},"loc":{"start":{"line":9,"column":9},"end":{"line":22,"column":3}},"line":9},"2":{"name":"generate","decl":{"start":{"line":25,"column":2},"end":{"line":30,"column":3}},"loc":{"start":{"line":25,"column":2},"end":{"line":30,"column":3}},"line":25},"3":{"name":"validateApiKey","decl":{"start":{"line":33,"column":2},"end":{"line":45,"column":3}},"loc":{"start":{"line":33,"column":2},"end":{"line":45,"column":3}},"line":33},"4":{"name":"validate","decl":{"start":{"line":48,"column":9},"end":{"line":58,"column":3}},"loc":{"start":{"line":48,"column":9},"end":{"line":58,"column":3}},"line":48},"5":{"name":"_createClient","decl":{"start":{"line":61,"column":2},"end":{"line":61,"column":97}},"loc":{"start":{"line":61,"column":2},"end":{"line":61,"column":97}},"line":61},"6":{"name":"_callProvider","decl":{"start":{"line":62,"column":2},"end":{"line":62,"column":103}},"loc":{"start":{"line":62,"column":2},"end":{"line":62,"column":103}},"line":62}},"f":{"0":41,"1":14,"2":7,"3":4,"4":4,"5":1,"6":1}}
,"/mnt/x/Git/nacho.coll/agilevibecoding/src/cli/logger.js": {"path":"/mnt/x/Git/nacho.coll/agilevibecoding/src/cli/logger.js","all":false,"statementMap":{"0":{"start":{"line":1,"column":0},"end":{"line":1,"column":20}},"4":{"start":{"line":5,"column":0},"end":{"line":5,"column":3}},"5":{"start":{"line":6,"column":0},"end":{"line":6,"column":47}},"6":{"start":{"line":7,"column":0},"end":{"line":7,"column":2}},"7":{"start":{"line":8,"column":0},"end":{"line":8,"column":36}},"8":{"start":{"line":9,"column":0},"end":{"line":9,"column":56}},"9":{"start":{"line":10,"column":0},"end":{"line":10,"column":3}},"10":{"start":{"line":11,"column":0},"end":{"line":11,"column":21}},"11":{"start":{"line":12,"column":0},"end":{"line":12,"column":38}},"12":{"start":{"line":13,"column":0},"end":{"line":13,"column":39}},"13":{"start":{"line":14,"column":0},"end":{"line":14,"column":58}},"14":{"start":{"line":15,"column":0},"end":{"line":15,"column":53}},"15":{"start":{"line":16,"column":0},"end":{"line":16,"column":47}},"17":{"start":{"line":18,"column":0},"end":{"line":18,"column":24}},"18":{"start":{"line":19,"column":0},"end":{"line":19,"column":3}},"20":{"start":{"line":21,"column":0},"end":{"line":21,"column":18}},"21":{"start":{"line":22,"column":0},"end":{"line":22,"column":9}},"22":{"start":{"line":23,"column":0},"end":{"line":23,"column":40}},"23":{"start":{"line":24,"column":0},"end":{"line":24,"column":55}},"24":{"start":{"line":25,"column":0},"end":{"line":25,"column":7}},"25":{"start":{"line":26,"column":0},"end":{"line":26,"column":21}},"26":{"start":{"line":27,"column":0},"end":{"line":27,"column":55}},"27":{"start":{"line":28,"column":0},"end":{"line":28,"column":70}},"28":{"start":{"line":29,"column":0},"end":{"line":29,"column":5}},"29":{"start":{"line":30,"column":0},"end":{"line":30,"column":3}},"31":{"start":{"line":32,"column":0},"end":{"line":32,"column":23}},"32":{"start":{"line":33,"column":0},"end":{"line":33,"column":9}},"33":{"start":{"line":34,"column":0},"end":{"line":34,"column":40}},"34":{"start":{"line":35,"column":0},"end":{"line":35,"column":48}},"35":{"start":{"line":36,"column":0},"end":{"line":36,"column":43}},"36":{"start":{"line":37,"column":0},"end":{"line":37,"column":51}},"37":{"start":{"line":38,"column":0},"end":{"line":38,"column":42}},"38":{"start":{"line":39,"column":0},"end":{"line":39,"column":38}},"39":{"start":{"line":40,"column":0},"end":{"line":40,"column":11}},"40":{"start":{"line":41,"column":0},"end":{"line":41,"column":50}},"41":{"start":{"line":42,"column":0},"end":{"line":42,"column":9}},"42":{"start":{"line":43,"column":0},"end":{"line":43,"column":7}},"43":{"start":{"line":44,"column":0},"end":{"line":44,"column":21}},"44":{"start":{"line":45,"column":0},"end":{"line":45,"column":31}},"45":{"start":{"line":46,"column":0},"end":{"line":46,"column":5}},"46":{"start":{"line":47,"column":0},"end":{"line":47,"column":3}},"48":{"start":{"line":49,"column":0},"end":{"line":49,"column":46}},"49":{"start":{"line":50,"column":0},"end":{"line":50,"column":47}},"50":{"start":{"line":51,"column":0},"end":{"line":51,"column":81}},"52":{"start":{"line":53,"column":0},"end":{"line":53,"column":15}},"53":{"start":{"line":54,"column":0},"end":{"line":54,"column":34}},"54":{"start":{"line":55,"column":0},"end":{"line":55,"column":48}},"55":{"start":{"line":56,"column":0},"end":{"line":56,"column":25}},"56":{"start":{"line":57,"column":0},"end":{"line":57,"column":48}},"57":{"start":{"line":58,"column":0},"end":{"line":58,"column":9}},"58":{"start":{"line":59,"column":0},"end":{"line":59,"column":44}},"59":{"start":{"line":60,"column":0},"end":{"line":60,"column":13}},"60":{"start":{"line":61,"column":0},"end":{"line":61,"column":66}},"61":{"start":{"line":62,"column":0},"end":{"line":62,"column":21}},"62":{"start":{"line":63,"column":0},"end":{"line":63,"column":55}},"63":{"start":{"line":64,"column":0},"end":{"line":64,"column":9}},"64":{"start":{"line":65,"column":0},"end":{"line":65,"column":14}},"65":{"start":{"line":66,"column":0},"end":{"line":66,"column":39}},"66":{"start":{"line":67,"column":0},"end":{"line":67,"column":7}},"67":{"start":{"line":68,"column":0},"end":{"line":68,"column":5}},"69":{"start":{"line":70,"column":0},"end":{"line":70,"column":26}},"70":{"start":{"line":71,"column":0},"end":{"line":71,"column":3}},"72":{"start":{"line":73,"column":0},"end":{"line":73,"column":41}},"73":{"start":{"line":74,"column":0},"end":{"line":74,"column":9}},"74":{"start":{"line":75,"column":0},"end":{"line":75,"column":31}},"75":{"start":{"line":76,"column":0},"end":{"line":76,"column":66}},"76":{"start":{"line":77,"column":0},"end":{"line":77,"column":58}},"77":{"start":{"line":78,"column":0},"end":{"line":78,"column":21}},"78":{"start":{"line":79,"column":0},"end":{"line":79,"column":47}},"79":{"start":{"line":80,"column":0},"end":{"line":80,"column":59}},"80":{"start":{"line":81,"column":0},"end":{"line":81,"column":5}},"81":{"start":{"line":82,"column":0},"end":{"line":82,"column":3}},"83":{"start":{"line":84,"column":0},"end":{"line":84,"column":31}},"84":{"start":{"line":85,"column":0},"end":{"line":85,"column":42}},"85":{"start":{"line":86,"column":0},"end":{"line":86,"column":3}},"87":{"start":{"line":88,"column":0},"end":{"line":88,"column":30}},"88":{"start":{"line":89,"column":0},"end":{"line":89,"column":41}},"89":{"start":{"line":90,"column":0},"end":{"line":90,"column":3}},"91":{"start":{"line":92,"column":0},"end":{"line":92,"column":30}},"92":{"start":{"line":93,"column":0},"end":{"line":93,"column":41}},"93":{"start":{"line":94,"column":0},"end":{"line":94,"column":3}},"95":{"start":{"line":96,"column":0},"end":{"line":96,"column":31}},"96":{"start":{"line":97,"column":0},"end":{"line":97,"column":42}},"97":{"start":{"line":98,"column":0},"end":{"line":98,"column":3}},"99":{"start":{"line":100,"column":0},"end":{"line":100,"column":36}},"100":{"start":{"line":101,"column":0},"end":{"line":101,"column":30}},"101":{"start":{"line":102,"column":0},"end":{"line":102,"column":9}},"102":{"start":{"line":103,"column":0},"end":{"line":103,"column":41}},"103":{"start":{"line":104,"column":0},"end":{"line":104,"column":40}},"104":{"start":{"line":105,"column":0},"end":{"line":105,"column":7}},"106":{"start":{"line":107,"column":0},"end":{"line":107,"column":60}},"107":{"start":{"line":108,"column":0},"end":{"line":108,"column":71}},"108":{"start":{"line":109,"column":0},"end":{"line":109,"column":49}},"110":{"start":{"line":111,"column":0},"end":{"line":111,"column":36}},"111":{"start":{"line":112,"column":0},"end":{"line":112,"column":21}},"112":{"start":{"line":113,"column":0},"end":{"line":113,"column":52}},"113":{"start":{"line":114,"column":0},"end":{"line":114,"column":5}},"114":{"start":{"line":115,"column":0},"end":{"line":115,"column":3}},"116":{"start":{"line":117,"column":0},"end":{"line":117,"column":19}},"117":{"start":{"line":118,"column":0},"end":{"line":118,"column":15}},"118":{"start":{"line":119,"column":0},"end":{"line":119,"column":9}},"119":{"start":{"line":120,"column":0},"end":{"line":120,"column":40}},"120":{"start":{"line":121,"column":0},"end":{"line":121,"column":36}},"121":{"start":{"line":122,"column":0},"end":{"line":122,"column":7}},"122":{"start":{"line":123,"column":0},"end":{"line":123,"column":47}},"123":{"start":{"line":124,"column":0},"end":{"line":124,"column":38}},"124":{"start":{"line":125,"column":0},"end":{"line":125,"column":34}},"125":{"start":{"line":126,"column":0},"end":{"line":126,"column":7}},"126":{"start":{"line":127,"column":0},"end":{"line":127,"column":32}},"127":{"start":{"line":128,"column":0},"end":{"line":128,"column":21}},"128":{"start":{"line":129,"column":0},"end":{"line":129,"column":60}},"129":{"start":{"line":130,"column":0},"end":{"line":130,"column":5}},"130":{"start":{"line":131,"column":0},"end":{"line":131,"column":3}},"131":{"start":{"line":132,"column":0},"end":{"line":132,"column":1}},"133":{"start":{"line":134,"column":0},"end":{"line":134,"column":51}},"134":{"start":{"line":135,"column":0},"end":{"line":135,"column":56}},"135":{"start":{"line":136,"column":0},"end":{"line":136,"column":61}},"136":{"start":{"line":137,"column":0},"end":{"line":137,"column":45}},"137":{"start":{"line":138,"column":0},"end":{"line":138,"column":45}}},"s":{"0":1,"4":1,"5":1,"6":1,"7":1,"8":1,"9":1,"10":1,"11":1,"12":33,"13":33,"14":33,"15":33,"17":33,"18":33,"20":1,"21":33,"22":33,"23":29,"24":29,"25":33,"26":0,"27":0,"28":0,"29":33,"31":1,"32":16,"33":16,"34":6,"35":6,"36":3,"37":3,"38":3,"39":3,"40":3,"41":3,"42":6,"43":16,"44":1,"45":1,"46":16,"48":1,"49":16,"50":16,"52":16,"53":3,"54":1,"55":1,"56":1,"57":1,"58":3,"59":2,"60":2,"61":2,"62":0,"63":0,"64":2,"65":0,"66":0,"67":3,"69":16,"70":16,"72":1,"73":11,"74":11,"75":11,"76":11,"77":11,"78":1,"79":1,"80":1,"81":11,"83":1,"84":1,"85":1,"87":1,"88":5,"89":5,"91":1,"92":1,"93":1,"95":1,"96":1,"97":1,"99":1,"100":1,"101":3,"102":3,"103":1,"104":1,"106":2,"107":2,"108":2,"110":2,"111":3,"112":0,"113":0,"114":3,"116":1,"117":1,"118":3,"119":3,"120":2,"121":2,"122":3,"123":3,"124":2,"125":2,"126":3,"127":3,"128":0,"129":0,"130":3,"131":1,"133":1,"134":1,"135":1,"136":1,"137":1},"branchMap":{"0":{"type":"branch","line":12,"loc":{"start":{"line":12,"column":2},"end":{"line":19,"column":3}},"locations":[{"start":{"line":12,"column":2},"end":{"line":19,"column":3}}]},"1":{"type":"branch","line":21,"loc":{"start":{"line":21,"column":2},"end":{"line":30,"column":3}},"locations":[{"start":{"line":21,"column":2},"end":{"line":30,"column":3}}]},"2":{"type":"branch","line":23,"loc":{"start":{"line":23,"column":39},"end":{"line":25,"column":7}},"locations":[{"start":{"line":23,"column":39},"end":{"line":25,"column":7}}]},"3":{"type":"branch","line":26,"loc":{"start":{"line":26,"column":6},"end":{"line":29,"column":5}},"locations":[{"start":{"line":26,"column":6},"end":{"line":29,"column":5}}]},"4":{"type":"branch","line":32,"loc":{"start":{"line":32,"column":2},"end":{"line":47,"column":3}},"locations":[{"start":{"line":32,"column":2},"end":{"line":47,"column":3}}]},"5":{"type":"branch","line":34,"loc":{"start":{"line":34,"column":39},"end":{"line":43,"column":7}},"locations":[{"start":{"line":34,"column":39},"end":{"line":43,"column":7}}]},"6":{"type":"branch","line":36,"loc":{"start":{"line":36,"column":42},"end":{"line":42,"column":9}},"locations":[{"start":{"line":36,"column":42},"end":{"line":42,"column":9}}]},"7":{"type":"branch","line":44,"loc":{"start":{"line":44,"column":6},"end":{"line":46,"column":5}},"locations":[{"start":{"line":44,"column":6},"end":{"line":46,"column":5}}]},"8":{"type":"branch","line":49,"loc":{"start":{"line":49,"column":2},"end":{"line":71,"column":3}},"locations":[{"start":{"line":49,"column":2},"end":{"line":71,"column":3}}]},"9":{"type":"branch","line":53,"loc":{"start":{"line":53,"column":14},"end":{"line":68,"column":5}},"locations":[{"start":{"line":53,"column":14},"end":{"line":68,"column":5}}]},"10":{"type":"branch","line":54,"loc":{"start":{"line":54,"column":33},"end":{"line":59,"column":7}},"locations":[{"start":{"line":54,"column":33},"end":{"line":59,"column":7}}]},"11":{"type":"branch","line":59,"loc":{"start":{"line":59,"column":7},"end":{"line":67,"column":7}},"locations":[{"start":{"line":59,"column":7},"end":{"line":67,"column":7}}]},"12":{"type":"branch","line":62,"loc":{"start":{"line":62,"column":10},"end":{"line":64,"column":9}},"locations":[{"start":{"line":62,"column":10},"end":{"line":64,"column":9}}]},"13":{"type":"branch","line":65,"loc":{"start":{"line":65,"column":7},"end":{"line":67,"column":7}},"locations":[{"start":{"line":65,"column":7},"end":{"line":67,"column":7}}]},"14":{"type":"branch","line":73,"loc":{"start":{"line":73,"column":2},"end":{"line":82,"column":3}},"locations":[{"start":{"line":73,"column":2},"end":{"line":82,"column":3}}]},"15":{"type":"branch","line":78,"loc":{"start":{"line":78,"column":6},"end":{"line":81,"column":5}},"locations":[{"start":{"line":78,"column":6},"end":{"line":81,"column":5}}]},"16":{"type":"branch","line":84,"loc":{"start":{"line":84,"column":2},"end":{"line":86,"column":3}},"locations":[{"start":{"line":84,"column":2},"end":{"line":86,"column":3}}]},"17":{"type":"branch","line":88,"loc":{"start":{"line":88,"column":2},"end":{"line":90,"column":3}},"locations":[{"start":{"line":88,"column":2},"end":{"line":90,"column":3}}]},"18":{"type":"branch","line":92,"loc":{"start":{"line":92,"column":2},"end":{"line":94,"column":3}},"locations":[{"start":{"line":92,"column":2},"end":{"line":94,"column":3}}]},"19":{"type":"branch","line":96,"loc":{"start":{"line":96,"column":2},"end":{"line":98,"column":3}},"locations":[{"start":{"line":96,"column":2},"end":{"line":98,"column":3}}]},"20":{"type":"branch","line":101,"loc":{"start":{"line":101,"column":2},"end":{"line":115,"column":3}},"locations":[{"start":{"line":101,"column":2},"end":{"line":115,"column":3}}]},"21":{"type":"branch","line":103,"loc":{"start":{"line":103,"column":40},"end":{"line":105,"column":7}},"locations":[{"start":{"line":103,"column":40},"end":{"line":105,"column":7}}]},"22":{"type":"branch","line":105,"loc":{"start":{"line":105,"column":6},"end":{"line":112,"column":6}},"locations":[{"start":{"line":105,"column":6},"end":{"line":112,"column":6}}]},"23":{"type":"branch","line":112,"loc":{"start":{"line":112,"column":6},"end":{"line":114,"column":5}},"locations":[{"start":{"line":112,"column":6},"end":{"line":114,"column":5}}]},"24":{"type":"branch","line":108,"loc":{"start":{"line":108,"column":50},"end":{"line":108,"column":69}},"locations":[{"start":{"line":108,"column":50},"end":{"line":108,"column":69}}]},"25":{"type":"branch","line":118,"loc":{"start":{"line":118,"column":2},"end":{"line":131,"column":3}},"locations":[{"start":{"line":118,"column":2},"end":{"line":131,"column":3}}]},"26":{"type":"branch","line":120,"loc":{"start":{"line":120,"column":39},"end":{"line":122,"column":7}},"locations":[{"start":{"line":120,"column":39},"end":{"line":122,"column":7}}]},"27":{"type":"branch","line":124,"loc":{"start":{"line":124,"column":37},"end":{"line":126,"column":7}},"locations":[{"start":{"line":124,"column":37},"end":{"line":126,"column":7}}]},"28":{"type":"branch","line":128,"loc":{"start":{"line":128,"column":6},"end":{"line":130,"column":5}},"locations":[{"start":{"line":128,"column":6},"end":{"line":130,"column":5}}]}},"b":{"0":[33],"1":[33],"2":[29],"3":[0],"4":[16],"5":[6],"6":[3],"7":[1],"8":[16],"9":[3],"10":[1],"11":[2],"12":[0],"13":[0],"14":[11],"15":[1],"16":[1],"17":[5],"18":[1],"19":[1],"20":[3],"21":[1],"22":[2],"23":[0],"24":[104],"25":[3],"26":[2],"27":[2],"28":[0]},"fnMap":{"0":{"name":"Logger","decl":{"start":{"line":12,"column":2},"end":{"line":19,"column":3}},"loc":{"start":{"line":12,"column":2},"end":{"line":19,"column":3}},"line":12},"1":{"name":"ensureLogDir","decl":{"start":{"line":21,"column":2},"end":{"line":30,"column":3}},"loc":{"start":{"line":21,"column":2},"end":{"line":30,"column":3}},"line":21},"2":{"name":"rotateLogIfNeeded","decl":{"start":{"line":32,"column":2},"end":{"line":47,"column":3}},"loc":{"start":{"line":32,"column":2},"end":{"line":47,"column":3}},"line":32},"3":{"name":"formatMessage","decl":{"start":{"line":49,"column":2},"end":{"line":71,"column":3}},"loc":{"start":{"line":49,"column":2},"end":{"line":71,"column":3}},"line":49},"4":{"name":"writeLog","decl":{"start":{"line":73,"column":2},"end":{"line":82,"column":3}},"loc":{"start":{"line":73,"column":2},"end":{"line":82,"column":3}},"line":73},"5":{"name":"debug","decl":{"start":{"line":84,"column":2},"end":{"line":86,"column":3}},"loc":{"start":{"line":84,"column":2},"end":{"line":86,"column":3}},"line":84},"6":{"name":"info","decl":{"start":{"line":88,"column":2},"end":{"line":90,"column":3}},"loc":{"start":{"line":88,"column":2},"end":{"line":90,"column":3}},"line":88},"7":{"name":"warn","decl":{"start":{"line":92,"column":2},"end":{"line":94,"column":3}},"loc":{"start":{"line":92,"column":2},"end":{"line":94,"column":3}},"line":92},"8":{"name":"error","decl":{"start":{"line":96,"column":2},"end":{"line":98,"column":3}},"loc":{"start":{"line":96,"column":2},"end":{"line":98,"column":3}},"line":96},"9":{"name":"readRecentLogs","decl":{"start":{"line":101,"column":2},"end":{"line":115,"column":3}},"loc":{"start":{"line":101,"column":2},"end":{"line":115,"column":3}},"line":101},"10":{"name":"clearLogs","decl":{"start":{"line":118,"column":2},"end":{"line":131,"column":3}},"loc":{"start":{"line":118,"column":2},"end":{"line":131,"column":3}},"line":118}},"f":{"0":33,"1":33,"2":16,"3":16,"4":11,"5":1,"6":5,"7":1,"8":1,"9":3,"10":3}}
,"/mnt/x/Git/nacho.coll/agilevibecoding/src/cli/template-processor.js": {"path":"/mnt/x/Git/nacho.coll/agilevibecoding/src/cli/template-processor.js","all":false,"statementMap":{"0":{"start":{"line":1,"column":0},"end":{"line":1,"column":28}},"7":{"start":{"line":8,"column":0},"end":{"line":8,"column":50}},"8":{"start":{"line":9,"column":0},"end":{"line":9,"column":43}},"10":{"start":{"line":11,"column":0},"end":{"line":11,"column":3}},"11":{"start":{"line":12,"column":0},"end":{"line":12,"column":82}},"12":{"start":{"line":13,"column":0},"end":{"line":13,"column":2}},"13":{"start":{"line":14,"column":0},"end":{"line":14,"column":17}},"14":{"start":{"line":15,"column":0},"end":{"line":15,"column":41}},"15":{"start":{"line":16,"column":0},"end":{"line":16,"column":68}},"16":{"start":{"line":17,"column":0},"end":{"line":17,"column":51}},"17":{"start":{"line":18,"column":0},"end":{"line":18,"column":35}},"18":{"start":{"line":19,"column":0},"end":{"line":19,"column":36}},"19":{"start":{"line":20,"column":0},"end":{"line":20,"column":34}},"20":{"start":{"line":21,"column":0},"end":{"line":21,"column":3}},"21":{"start":{"line":22,"column":0},"end":{"line":22,"column":25}},"22":{"start":{"line":23,"column":0},"end":{"line":23,"column":36}},"23":{"start":{"line":24,"column":0},"end":{"line":24,"column":51}},"24":{"start":{"line":25,"column":0},"end":{"line":25,"column":62}},"26":{"start":{"line":27,"column":0},"end":{"line":27,"column":69}},"27":{"start":{"line":28,"column":0},"end":{"line":28,"column":62}},"28":{"start":{"line":29,"column":0},"end":{"line":29,"column":58}},"29":{"start":{"line":30,"column":0},"end":{"line":30,"column":67}},"30":{"start":{"line":31,"column":0},"end":{"line":31,"column":37}},"32":{"start":{"line":33,"column":0},"end":{"line":33,"column":45}},"33":{"start":{"line":34,"column":0},"end":{"line":34,"column":55}},"34":{"start":{"line":35,"column":0},"end":{"line":35,"column":34}},"35":{"start":{"line":36,"column":0},"end":{"line":36,"column":28}},"36":{"start":{"line":37,"column":0},"end":{"line":37,"column":28}},"37":{"start":{"line":38,"column":0},"end":{"line":38,"column":3}},"39":{"start":{"line":40,"column":0},"end":{"line":40,"column":5}},"40":{"start":{"line":41,"column":0},"end":{"line":41,"column":43}},"41":{"start":{"line":42,"column":0},"end":{"line":42,"column":5}},"42":{"start":{"line":43,"column":0},"end":{"line":43,"column":21}},"43":{"start":{"line":44,"column":0},"end":{"line":44,"column":9}},"44":{"start":{"line":45,"column":0},"end":{"line":45,"column":77}},"45":{"start":{"line":46,"column":0},"end":{"line":46,"column":56}},"46":{"start":{"line":47,"column":0},"end":{"line":47,"column":21}},"47":{"start":{"line":48,"column":0},"end":{"line":48,"column":121}},"48":{"start":{"line":49,"column":0},"end":{"line":49,"column":7}},"49":{"start":{"line":50,"column":0},"end":{"line":50,"column":65}},"50":{"start":{"line":51,"column":0},"end":{"line":51,"column":99}},"51":{"start":{"line":52,"column":0},"end":{"line":52,"column":21}},"52":{"start":{"line":53,"column":0},"end":{"line":53,"column":69}},"53":{"start":{"line":54,"column":0},"end":{"line":54,"column":73}},"54":{"start":{"line":55,"column":0},"end":{"line":55,"column":5}},"55":{"start":{"line":56,"column":0},"end":{"line":56,"column":3}},"57":{"start":{"line":58,"column":0},"end":{"line":58,"column":5}},"58":{"start":{"line":59,"column":0},"end":{"line":59,"column":44}},"59":{"start":{"line":60,"column":0},"end":{"line":60,"column":52}},"60":{"start":{"line":61,"column":0},"end":{"line":61,"column":5}},"61":{"start":{"line":62,"column":0},"end":{"line":62,"column":29}},"62":{"start":{"line":63,"column":0},"end":{"line":63,"column":41}},"63":{"start":{"line":64,"column":0},"end":{"line":64,"column":51}},"65":{"start":{"line":66,"column":0},"end":{"line":66,"column":69}},"66":{"start":{"line":67,"column":0},"end":{"line":67,"column":11}},"67":{"start":{"line":68,"column":0},"end":{"line":68,"column":33}},"68":{"start":{"line":69,"column":0},"end":{"line":69,"column":36}},"69":{"start":{"line":70,"column":0},"end":{"line":70,"column":44}},"70":{"start":{"line":71,"column":0},"end":{"line":71,"column":38}},"71":{"start":{"line":72,"column":0},"end":{"line":72,"column":8}},"72":{"start":{"line":73,"column":0},"end":{"line":73,"column":3}},"74":{"start":{"line":75,"column":0},"end":{"line":75,"column":5}},"75":{"start":{"line":76,"column":0},"end":{"line":76,"column":73}},"76":{"start":{"line":77,"column":0},"end":{"line":77,"column":5}},"77":{"start":{"line":78,"column":0},"end":{"line":78,"column":26}},"78":{"start":{"line":79,"column":0},"end":{"line":79,"column":30}},"79":{"start":{"line":80,"column":0},"end":{"line":80,"column":56}},"80":{"start":{"line":81,"column":0},"end":{"line":81,"column":35}},"81":{"start":{"line":82,"column":0},"end":{"line":82,"column":6}},"82":{"start":{"line":83,"column":0},"end":{"line":83,"column":80}},"83":{"start":{"line":84,"column":0},"end":{"line":84,"column":3}},"85":{"start":{"line":86,"column":0},"end":{"line":86,"column":5}},"86":{"start":{"line":87,"column":0},"end":{"line":87,"column":44}},"87":{"start":{"line":88,"column":0},"end":{"line":88,"column":54}},"88":{"start":{"line":89,"column":0},"end":{"line":89,"column":5}},"89":{"start":{"line":90,"column":0},"end":{"line":90,"column":31}},"90":{"start":{"line":91,"column":0},"end":{"line":91,"column":23}},"91":{"start":{"line":92,"column":0},"end":{"line":92,"column":17}},"92":{"start":{"line":93,"column":0},"end":{"line":93,"column":78}},"93":{"start":{"line":94,"column":0},"end":{"line":94,"column":17}},"94":{"start":{"line":95,"column":0},"end":{"line":95,"column":3}},"96":{"start":{"line":97,"column":0},"end":{"line":97,"column":5}},"97":{"start":{"line":98,"column":0},"end":{"line":98,"column":40}},"98":{"start":{"line":99,"column":0},"end":{"line":99,"column":5}},"99":{"start":{"line":100,"column":0},"end":{"line":100,"column":29}},"100":{"start":{"line":101,"column":0},"end":{"line":101,"column":22}},"101":{"start":{"line":102,"column":0},"end":{"line":102,"column":233}},"103":{"start":{"line":104,"column":0},"end":{"line":104,"column":191}},"105":{"start":{"line":106,"column":0},"end":{"line":106,"column":325}},"107":{"start":{"line":108,"column":0},"end":{"line":108,"column":224}},"109":{"start":{"line":110,"column":0},"end":{"line":110,"column":250}},"110":{"start":{"line":111,"column":0},"end":{"line":111,"column":6}},"112":{"start":{"line":113,"column":0},"end":{"line":113,"column":40}},"113":{"start":{"line":114,"column":0},"end":{"line":114,"column":3}},"115":{"start":{"line":116,"column":0},"end":{"line":116,"column":5}},"116":{"start":{"line":117,"column":0},"end":{"line":117,"column":30}},"117":{"start":{"line":118,"column":0},"end":{"line":118,"column":5}},"118":{"start":{"line":119,"column":0},"end":{"line":119,"column":21}},"119":{"start":{"line":120,"column":0},"end":{"line":120,"column":37}},"120":{"start":{"line":121,"column":0},"end":{"line":121,"column":27}},"121":{"start":{"line":122,"column":0},"end":{"line":122,"column":28}},"122":{"start":{"line":123,"column":0},"end":{"line":123,"column":7}},"123":{"start":{"line":124,"column":0},"end":{"line":124,"column":3}},"125":{"start":{"line":126,"column":0},"end":{"line":126,"column":5}},"126":{"start":{"line":127,"column":0},"end":{"line":127,"column":34}},"127":{"start":{"line":128,"column":0},"end":{"line":128,"column":5}},"128":{"start":{"line":129,"column":0},"end":{"line":129,"column":23}},"129":{"start":{"line":130,"column":0},"end":{"line":130,"column":63}},"130":{"start":{"line":131,"column":0},"end":{"line":131,"column":3}},"132":{"start":{"line":133,"column":0},"end":{"line":133,"column":5}},"133":{"start":{"line":134,"column":0},"end":{"line":134,"column":35}},"134":{"start":{"line":135,"column":0},"end":{"line":135,"column":38}},"135":{"start":{"line":136,"column":0},"end":{"line":136,"column":5}},"136":{"start":{"line":137,"column":0},"end":{"line":137,"column":40}},"137":{"start":{"line":138,"column":0},"end":{"line":138,"column":38}},"139":{"start":{"line":140,"column":0},"end":{"line":140,"column":32}},"140":{"start":{"line":141,"column":0},"end":{"line":141,"column":19}},"141":{"start":{"line":142,"column":0},"end":{"line":142,"column":36}},"142":{"start":{"line":143,"column":0},"end":{"line":143,"column":5}},"143":{"start":{"line":144,"column":0},"end":{"line":144,"column":100}},"145":{"start":{"line":146,"column":0},"end":{"line":146,"column":21}},"146":{"start":{"line":147,"column":0},"end":{"line":147,"column":27}},"147":{"start":{"line":148,"column":0},"end":{"line":148,"column":26}},"149":{"start":{"line":150,"column":0},"end":{"line":150,"column":37}},"150":{"start":{"line":151,"column":0},"end":{"line":151,"column":31}},"151":{"start":{"line":152,"column":0},"end":{"line":152,"column":54}},"152":{"start":{"line":153,"column":0},"end":{"line":153,"column":47}},"153":{"start":{"line":154,"column":0},"end":{"line":154,"column":21}},"154":{"start":{"line":155,"column":0},"end":{"line":155,"column":24}},"155":{"start":{"line":156,"column":0},"end":{"line":156,"column":17}},"156":{"start":{"line":157,"column":0},"end":{"line":157,"column":9}},"158":{"start":{"line":159,"column":0},"end":{"line":159,"column":27}},"160":{"start":{"line":161,"column":0},"end":{"line":161,"column":33}},"161":{"start":{"line":162,"column":0},"end":{"line":162,"column":27}},"162":{"start":{"line":163,"column":0},"end":{"line":163,"column":36}},"163":{"start":{"line":164,"column":0},"end":{"line":164,"column":23}},"164":{"start":{"line":165,"column":0},"end":{"line":165,"column":45}},"165":{"start":{"line":166,"column":0},"end":{"line":166,"column":19}},"166":{"start":{"line":167,"column":0},"end":{"line":167,"column":11}},"167":{"start":{"line":168,"column":0},"end":{"line":168,"column":16}},"168":{"start":{"line":169,"column":0},"end":{"line":169,"column":29}},"169":{"start":{"line":170,"column":0},"end":{"line":170,"column":27}},"170":{"start":{"line":171,"column":0},"end":{"line":171,"column":9}},"171":{"start":{"line":172,"column":0},"end":{"line":172,"column":9}},"173":{"start":{"line":174,"column":0},"end":{"line":174,"column":28}},"174":{"start":{"line":175,"column":0},"end":{"line":175,"column":33}},"175":{"start":{"line":176,"column":0},"end":{"line":176,"column":24}},"176":{"start":{"line":177,"column":0},"end":{"line":177,"column":9}},"177":{"start":{"line":178,"column":0},"end":{"line":178,"column":9}},"178":{"start":{"line":179,"column":0},"end":{"line":179,"column":7}},"179":{"start":{"line":180,"column":0},"end":{"line":180,"column":3}},"181":{"start":{"line":182,"column":0},"end":{"line":182,"column":5}},"182":{"start":{"line":183,"column":0},"end":{"line":183,"column":41}},"183":{"start":{"line":184,"column":0},"end":{"line":184,"column":37}},"184":{"start":{"line":185,"column":0},"end":{"line":185,"column":5}},"185":{"start":{"line":186,"column":0},"end":{"line":186,"column":38}},"186":{"start":{"line":187,"column":0},"end":{"line":187,"column":38}},"188":{"start":{"line":189,"column":0},"end":{"line":189,"column":32}},"189":{"start":{"li
[...]
lumn":9}},"locations":[{"start":{"line":253,"column":34},"end":{"line":255,"column":9}}]},"16":{"type":"branch","line":262,"loc":{"start":{"line":262,"column":18},"end":{"line":264,"column":5}},"locations":[{"start":{"line":262,"column":18},"end":{"line":264,"column":5}}]},"17":{"type":"branch","line":264,"loc":{"start":{"line":264,"column":5},"end":{"line":266,"column":5}},"locations":[{"start":{"line":264,"column":5},"end":{"line":266,"column":5}}]},"18":{"type":"branch","line":272,"loc":{"start":{"line":272,"column":2},"end":{"line":280,"column":3}},"locations":[{"start":{"line":272,"column":2},"end":{"line":280,"column":3}}]},"19":{"type":"branch","line":273,"loc":{"start":{"line":273,"column":18},"end":{"line":278,"column":5}},"locations":[{"start":{"line":273,"column":18},"end":{"line":278,"column":5}}]},"20":{"type":"branch","line":278,"loc":{"start":{"line":278,"column":4},"end":{"line":280,"column":2}},"locations":[{"start":{"line":278,"column":4},"end":{"line":280,"column":2}}]},"21":{"type":"branch","line":275,"loc":{"start":{"line":275,"column":13},"end":{"line":275,"column":32}},"locations":[{"start":{"line":275,"column":13},"end":{"line":275,"column":32}}]},"22":{"type":"branch","line":276,"loc":{"start":{"line":276,"column":16},"end":{"line":276,"column":39}},"locations":[{"start":{"line":276,"column":16},"end":{"line":276,"column":39}}]},"23":{"type":"branch","line":277,"loc":{"start":{"line":277,"column":13},"end":{"line":277,"column":55}},"locations":[{"start":{"line":277,"column":13},"end":{"line":277,"column":55}}]},"24":{"type":"branch","line":285,"loc":{"start":{"line":285,"column":2},"end":{"line":298,"column":3}},"locations":[{"start":{"line":285,"column":2},"end":{"line":298,"column":3}}]},"25":{"type":"branch","line":286,"loc":{"start":{"line":286,"column":26},"end":{"line":286,"column":66}},"locations":[{"start":{"line":286,"column":26},"end":{"line":286,"column":66}}]},"26":{"type":"branch","line":286,"loc":{"start":{"line":286,"column":68},"end":{"line":288,"column":5}},"locations":[{"start":{"line":286,"column":68},"end":{"line":288,"column":5}}]},"27":{"type":"branch","line":288,"loc":{"start":{"line":288,"column":4},"end":{"line":292,"column":68}},"locations":[{"start":{"line":288,"column":4},"end":{"line":292,"column":68}}]},"28":{"type":"branch","line":292,"loc":{"start":{"line":292,"column":68},"end":{"line":292,"column":73}},"locations":[{"start":{"line":292,"column":68},"end":{"line":292,"column":73}}]},"29":{"type":"branch","line":292,"loc":{"start":{"line":292,"column":74},"end":{"line":292,"column":79}},"locations":[{"start":{"line":292,"column":74},"end":{"line":292,"column":79}}]},"30":{"type":"branch","line":292,"loc":{"start":{"line":292,"column":80},"end":{"line":294,"column":6}},"locations":[{"start":{"line":292,"column":80},"end":{"line":294,"column":6}}]},"31":{"type":"branch","line":294,"loc":{"start":{"line":294,"column":6},"end":{"line":297,"column":5}},"locations":[{"start":{"line":294,"column":6},"end":{"line":297,"column":5}}]},"32":{"type":"branch","line":363,"loc":{"start":{"line":363,"column":2},"end":{"line":391,"column":3}},"locations":[{"start":{"line":363,"column":2},"end":{"line":391,"column":3}}]},"33":{"type":"branch","line":364,"loc":{"start":{"line":364,"column":26},"end":{"line":364,"column":66}},"locations":[{"start":{"line":364,"column":26},"end":{"line":364,"column":66}}]},"34":{"type":"branch","line":364,"loc":{"start":{"line":364,"column":68},"end":{"line":367,"column":5}},"locations":[{"start":{"line":364,"column":68},"end":{"line":367,"column":5}}]},"35":{"type":"branch","line":367,"loc":{"start":{"line":367,"column":4},"end":{"line":387,"column":6}},"locations":[{"start":{"line":367,"column":4},"end":{"line":387,"column":6}}]},"36":{"type":"branch","line":387,"loc":{"start":{"line":387,"column":6},"end":{"line":390,"column":5}},"locations":[{"start":{"line":387,"column":6},"end":{"line":390,"column":5}}]}},"b":{"0":[17],"1":[18],"2":[2],"3":[1],"4":[1],"5":[0],"6":[0],"7":[0],"8":[16],"9":[5],"10":[9],"11":[4],"12":[2],"13":[4],"14":[1],"15":[0],"16":[1],"17":[3],"18":[6],"19":[2],"20":[4],"21":[4],"22":[4],"23":[4],"24":[5],"25":[1],"26":[1],"27":[4],"28":[1],"29":[3],"30":[3],"31":[1],"32":[4],"33":[1],"34":[1],"35":[3],"36":[1]},"fnMap":{"0":{"name":"TemplateProcessor","decl":{"start":{"line":23,"column":2},"end":{"line":38,"column":3}},"loc":{"start":{"line":23,"column":2},"end":{"line":38,"column":3}},"line":23},"1":{"name":"readModelConfig","decl":{"start":{"line":43,"column":2},"end":{"line":56,"column":3}},"loc":{"start":{"line":43,"column":2},"end":{"line":56,"column":3}},"line":43},"2":{"name":"extractVariables","decl":{"start":{"line":62,"column":2},"end":{"line":73,"column":3}},"loc":{"start":{"line":62,"column":2},"end":{"line":73,"column":3}},"line":62},"3":{"name":"isPlural","decl":{"start":{"line":78,"column":2},"end":{"line":84,"column":3}},"loc":{"start":{"line":78,"column":2},"end":{"line":84,"column":3}},"line":78},"4":{"name":"toDisplayName","decl":{"start":{"line":90,"column":2},"end":{"line":95,"column":3}},"loc":{"start":{"line":90,"column":2},"end":{"line":95,"column":3}},"line":90},"5":{"name":"getGuidance","decl":{"start":{"line":100,"column":2},"end":{"line":114,"column":3}},"loc":{"start":{"line":100,"column":2},"end":{"line":114,"column":3}},"line":100},"6":{"name":"createInterface","decl":{"start":{"line":119,"column":2},"end":{"line":124,"column":3}},"loc":{"start":{"line":119,"column":2},"end":{"line":124,"column":3}},"line":119},"7":{"name":"question","decl":{"start":{"line":129,"column":2},"end":{"line":131,"column":3}},"loc":{"start":{"line":129,"column":2},"end":{"line":131,"column":3}},"line":129},"8":{"name":"promptSingular","decl":{"start":{"line":137,"column":2},"end":{"line":180,"column":3}},"loc":{"start":{"line":137,"column":2},"end":{"line":180,"column":3}},"line":137},"9":{"name":"promptPlural","decl":{"start":{"line":186,"column":2},"end":{"line":225,"column":3}},"loc":{"start":{"line":186,"column":2},"end":{"line":225,"column":3}},"line":186},"10":{"name":"initializeLLMProvider","decl":{"start":{"line":230,"column":2},"end":{"line":239,"column":3}},"loc":{"start":{"line":230,"column":2},"end":{"line":239,"column":3}},"line":230},"11":{"name":"buildPrompt","decl":{"start":{"line":244,"column":2},"end":{"line":267,"column":3}},"loc":{"start":{"line":244,"column":2},"end":{"line":267,"column":3}},"line":244},"12":{"name":"parseLLMResponse","decl":{"start":{"line":272,"column":2},"end":{"line":280,"column":3}},"loc":{"start":{"line":272,"column":2},"end":{"line":280,"column":3}},"line":272},"13":{"name":"generateSuggestions","decl":{"start":{"line":285,"column":2},"end":{"line":298,"column":3}},"loc":{"start":{"line":285,"column":2},"end":{"line":298,"column":3}},"line":285},"14":{"name":"promptUser","decl":{"start":{"line":304,"column":2},"end":{"line":333,"column":3}},"loc":{"start":{"line":304,"column":2},"end":{"line":333,"column":3}},"line":304},"15":{"name":"replaceVariables","decl":{"start":{"line":338,"column":2},"end":{"line":358,"column":3}},"loc":{"start":{"line":338,"column":2},"end":{"line":358,"column":3}},"line":338},"16":{"name":"generateFinalDocument","decl":{"start":{"line":363,"column":2},"end":{"line":391,"column":3}},"loc":{"start":{"line":363,"column":2},"end":{"line":391,"column":3}},"line":363},"17":{"name":"saveProgress","decl":{"start":{"line":396,"column":2},"end":{"line":400,"column":3}},"loc":{"start":{"line":396,"column":2},"end":{"line":400,"column":3}},"line":396},"18":{"name":"writeDocument","decl":{"start":{"line":405,"column":2},"end":{"line":416,"column":3}},"loc":{"start":{"line":405,"column":2},"end":{"line":416,"column":3}},"line":405},"19":{"name":"processTemplate","decl":{"start":{"line":421,"column":2},"end":{"line":481,"column":3}},"loc":{"start":{"line":421,"column":2},"end":{"line":481,"column":3}},"line":421}},"f":{"0":17,"1":18,"2":0,"3":0,"4":5,"5":0,"6":0,"7":0,"8":0,"9":0,"10":4,"11":4,"12":6,"13":5,"14":0,"15":0,"16":4,"17":0,"18":0,"19":0}}
,"/mnt/x/Git/nacho.coll/agilevibecoding/src/cli/update-installer.js": {"path":"/mnt/x/Git/nacho.coll/agilevibecoding/src/cli/update-installer.js","all":true,"statementMap":{"0":{"start":{"line":1,"column":0},"end":{"line":1,"column":48}},"7":{"start":{"line":8,"column":0},"end":{"line":8,"column":3}},"8":{"start":{"line":9,"column":0},"end":{"line":9,"column":53}},"9":{"start":{"line":10,"column":0},"end":{"line":10,"column":33}},"10":{"start":{"line":11,"column":0},"end":{"line":11,"column":3}},"11":{"start":{"line":12,"column":0},"end":{"line":12,"column":30}},"12":{"start":{"line":13,"column":0},"end":{"line":13,"column":17}},"13":{"start":{"line":14,"column":0},"end":{"line":14,"column":39}},"14":{"start":{"line":15,"column":0},"end":{"line":15,"column":48}},"15":{"start":{"line":16,"column":0},"end":{"line":16,"column":3}},"17":{"start":{"line":18,"column":0},"end":{"line":18,"column":30}},"18":{"start":{"line":19,"column":0},"end":{"line":19,"column":23}},"19":{"start":{"line":20,"column":0},"end":{"line":20,"column":9}},"20":{"start":{"line":21,"column":0},"end":{"line":21,"column":53}},"21":{"start":{"line":22,"column":0},"end":{"line":22,"column":18}},"22":{"start":{"line":23,"column":0},"end":{"line":23,"column":21}},"23":{"start":{"line":24,"column":0},"end":{"line":24,"column":68}},"24":{"start":{"line":25,"column":0},"end":{"line":25,"column":19}},"25":{"start":{"line":26,"column":0},"end":{"line":26,"column":5}},"26":{"start":{"line":27,"column":0},"end":{"line":27,"column":3}},"28":{"start":{"line":29,"column":0},"end":{"line":29,"column":33}},"29":{"start":{"line":30,"column":0},"end":{"line":30,"column":32}},"30":{"start":{"line":31,"column":0},"end":{"line":31,"column":80}},"31":{"start":{"line":32,"column":0},"end":{"line":32,"column":43}},"33":{"start":{"line":34,"column":0},"end":{"line":34,"column":43}},"34":{"start":{"line":35,"column":0},"end":{"line":35,"column":47}},"35":{"start":{"line":36,"column":0},"end":{"line":36,"column":57}},"36":{"start":{"line":37,"column":0},"end":{"line":37,"column":71}},"37":{"start":{"line":38,"column":0},"end":{"line":38,"column":5}},"39":{"start":{"line":40,"column":0},"end":{"line":40,"column":32}},"40":{"start":{"line":41,"column":0},"end":{"line":41,"column":36}},"41":{"start":{"line":42,"column":0},"end":{"line":42,"column":55}},"42":{"start":{"line":43,"column":0},"end":{"line":43,"column":36}},"43":{"start":{"line":44,"column":0},"end":{"line":44,"column":87}},"44":{"start":{"line":45,"column":0},"end":{"line":45,"column":37}},"45":{"start":{"line":46,"column":0},"end":{"line":46,"column":61}},"46":{"start":{"line":47,"column":0},"end":{"line":47,"column":5}},"48":{"start":{"line":49,"column":0},"end":{"line":49,"column":34}},"49":{"start":{"line":50,"column":0},"end":{"line":50,"column":59}},"50":{"start":{"line":51,"column":0},"end":{"line":51,"column":39}},"51":{"start":{"line":52,"column":0},"end":{"line":52,"column":30}},"52":{"start":{"line":53,"column":0},"end":{"line":53,"column":35}},"54":{"start":{"line":55,"column":0},"end":{"line":55,"column":37}},"55":{"start":{"line":56,"column":0},"end":{"line":56,"column":41}},"56":{"start":{"line":57,"column":0},"end":{"line":57,"column":61}},"57":{"start":{"line":58,"column":0},"end":{"line":58,"column":35}},"58":{"start":{"line":59,"column":0},"end":{"line":59,"column":50}},"59":{"start":{"line":60,"column":0},"end":{"line":60,"column":7}},"61":{"start":{"line":62,"column":0},"end":{"line":62,"column":62}},"62":{"start":{"line":63,"column":0},"end":{"line":63,"column":73}},"64":{"start":{"line":65,"column":0},"end":{"line":65,"column":77}},"65":{"start":{"line":66,"column":0},"end":{"line":66,"column":115}},"67":{"start":{"line":68,"column":0},"end":{"line":68,"column":87}},"68":{"start":{"line":69,"column":0},"end":{"line":69,"column":74}},"70":{"start":{"line":71,"column":0},"end":{"line":71,"column":44}},"71":{"start":{"line":72,"column":0},"end":{"line":72,"column":23}},"72":{"start":{"line":73,"column":0},"end":{"line":73,"column":24}},"73":{"start":{"line":74,"column":0},"end":{"line":74,"column":19}},"74":{"start":{"line":75,"column":0},"end":{"line":75,"column":9}},"76":{"start":{"line":77,"column":0},"end":{"line":77,"column":63}},"78":{"start":{"line":79,"column":0},"end":{"line":79,"column":40}},"79":{"start":{"line":80,"column":0},"end":{"line":80,"column":47}},"80":{"start":{"line":81,"column":0},"end":{"line":81,"column":70}},"82":{"start":{"line":83,"column":0},"end":{"line":83,"column":25}},"83":{"start":{"line":84,"column":0},"end":{"line":84,"column":20}},"84":{"start":{"line":85,"column":0},"end":{"line":85,"column":76}},"85":{"start":{"line":86,"column":0},"end":{"line":86,"column":39}},"86":{"start":{"line":87,"column":0},"end":{"line":87,"column":35}},"87":{"start":{"line":88,"column":0},"end":{"line":88,"column":44}},"88":{"start":{"line":89,"column":0},"end":{"line":89,"column":36}},"89":{"start":{"line":90,"column":0},"end":{"line":90,"column":41}},"91":{"start":{"line":92,"column":0},"end":{"line":92,"column":46}},"92":{"start":{"line":93,"column":0},"end":{"line":93,"column":48}},"93":{"start":{"line":94,"column":0},"end":{"line":94,"column":69}},"94":{"start":{"line":95,"column":0},"end":{"line":95,"column":125}},"95":{"start":{"line":96,"column":0},"end":{"line":96,"column":134}},"96":{"start":{"line":97,"column":0},"end":{"line":97,"column":40}},"97":{"start":{"line":98,"column":0},"end":{"line":98,"column":36}},"98":{"start":{"line":99,"column":0},"end":{"line":99,"column":40}},"99":{"start":{"line":100,"column":0},"end":{"line":100,"column":41}},"101":{"start":{"line":102,"column":0},"end":{"line":102,"column":84}},"102":{"start":{"line":103,"column":0},"end":{"line":103,"column":16}},"103":{"start":{"line":104,"column":0},"end":{"line":104,"column":24}},"104":{"start":{"line":105,"column":0},"end":{"line":105,"column":94}},"105":{"start":{"line":106,"column":0},"end":{"line":106,"column":98}},"106":{"start":{"line":107,"column":0},"end":{"line":107,"column":40}},"107":{"start":{"line":108,"column":0},"end":{"line":108,"column":36}},"108":{"start":{"line":109,"column":0},"end":{"line":109,"column":40}},"109":{"start":{"line":110,"column":0},"end":{"line":110,"column":41}},"111":{"start":{"line":112,"column":0},"end":{"line":112,"column":67}},"112":{"start":{"line":113,"column":0},"end":{"line":113,"column":9}},"113":{"start":{"line":114,"column":0},"end":{"line":114,"column":9}},"115":{"start":{"line":116,"column":0},"end":{"line":116,"column":41}},"116":{"start":{"line":117,"column":0},"end":{"line":117,"column":47}},"117":{"start":{"line":118,"column":0},"end":{"line":118,"column":58}},"119":{"start":{"line":120,"column":0},"end":{"line":120,"column":64}},"120":{"start":{"line":121,"column":0},"end":{"line":121,"column":125}},"121":{"start":{"line":122,"column":0},"end":{"line":122,"column":109}},"122":{"start":{"line":123,"column":0},"end":{"line":123,"column":40}},"123":{"start":{"line":124,"column":0},"end":{"line":124,"column":36}},"124":{"start":{"line":125,"column":0},"end":{"line":125,"column":40}},"125":{"start":{"line":126,"column":0},"end":{"line":126,"column":41}},"127":{"start":{"line":128,"column":0},"end":{"line":128,"column":84}},"128":{"start":{"line":129,"column":0},"end":{"line":129,"column":16}},"129":{"start":{"line":130,"column":0},"end":{"line":130,"column":73}},"130":{"start":{"line":131,"column":0},"end":{"line":131,"column":114}},"131":{"start":{"line":132,"column":0},"end":{"line":132,"column":40}},"132":{"start":{"line":133,"column":0},"end":{"line":133,"column":36}},"133":{"start":{"line":134,"column":0},"end":{"line":134,"column":40}},"134":{"start":{"line":135,"column":0},"end":{"line":135,"column":41}},"136":{"start":{"line":137,"column":0},"end":{"line":137,"column":67}},"137":{"start":{"line":138,"column":0},"end":{"line":138,"column":9}},"138":{"start":{"line":139,"column":0},"end":{"line":139,"column":9}},"139":{"start":{"line":140,"column":0},"end":{"line":140,"column":7}},"140":{"start":{"line":141,"column":0},"end":{"line":141,"column":3}},"142":{"start":{"line":143,"column":0},"end":{"line":143,"column":32}},"143":{"start":{"line":144,"column":0},"end":{"line":144,"column":25}},"144":{"start":{"line":145,"column":0},"end":{"line":145,"column":43}},"146":{"start":{"line":147,"column":0},"end":{"line":147,"column":33}},"147":{"start":{"line":148,"column":0},"end":{"line":148,"column":64}},"148":{"start":{"line":149,"column":0},"end":{"line":149,"column":5}},"150":{"start":{"line":151,"column":0},"end":{"line":151,"column":28}},"151":{"start":{"line":152,"column":0},"end":{"line":152,"column":88}},"152":{"start":{"line":153,"column":0},"end":{"line":153,"column":5}},"154":{"start":{"line":155,"column":0},"end":{"line":155,"column":47}},"155":{"start":{"line":156,"column":0},"end":{"line":156,"column":89}},"156":{"start":{"line":157,"column":0},"end":{"line":157,"column":5}},"158":{"start":{"line":159,"column":0},"end":{"line":159,"column":57}},"159":{"start":{"line":160,"column":0},"end":{"line":160,"column":3}},"161":{"start":{"line":162,"column":0},"end":{"line":162,"column":55}},"162":{"start":{"line":163,"column":0},"end":{"line":163,"column":29}},"163":{"start":{"line":164,"column":0},"end":{"line":164,"column":43}},"164":{"start":{"line":165,"column":0},"end":{"line":165,"column":49}},"166":{"start":{"line":167,"column":0},"end":{"line":167,"column":55}},"167":{"start":{"line":168,"column":0},"end":{"line":168,"column":62}},"168":{"start":{"line":169,"column":0},"end":{"line":169,"column":78}},"169":{"start":{"line":170,"column":0},"end":{"line":170,"column":5}},"171":{"start":{"line":172,"column":0},"end":{"line":172,"column":52}},"172":{"start":{"line":173,"column":0},"end":{"line":173,"column":68}},"173":{"start":{"line":174,"column":0},"end":{"line":174,"column":69}},"174":{"start":{"line":175,"column":0},"end":{"line":175,"column":5}},"176":{"start":{"line":177,"column":0},"end":{"line":177,"column":70}},"177":{"start":{"line":178,"column":0},"end":{"line":178,"column":103}},"178":{"start":{"line":179,"column":0},"end":{"line":179,"column":40}},"179":{"start":{"line":180,"column":0},"end":{"line":180,"column":5}},"181":{"start":{"line":182,"column":0},"end":{"line":182,"column":59}},"182":{"start":{"line":183,"column":0},"end":{"line":183,"column":3}},"183":{"start":{"line":184,"column":0},"end":{"line":184,"column":1}}},"s":{"0":0,"7":0,"8":0,"9":0,"10":0,"11":0,"12":0,"13":0,"14":0,"15":0,"17":0,"18":0,"19":0,"20":0,"21":0,"22":0,"23":0,"24":0,"25":0,"26":0,"28":0,"29":0,"30":0,"31":0,"33":0,"34":0,"35":0,"36":0,"37":0,"39":0,"40":0,"41":0,"42":0,"43":0,"44":0,"45":0,"46":0,"48":0,"49":0,"50":0,"51":0,"52":0,"54":0,"55":0,"56":0,"57":0,"58":0,"59":0,"61":0,"62":0,"64":0,"65":0,"67":0,"68":0,"70":0,"71":0,"72":0,"73":0,"74":0,"76":0,"78":0,"79":0,"80":0,"82":0,"83":0,"84":0,"85":0,"86":0,"87":0,"88":0,"89":0,"91":0,"92":0,"93":0,"94":0,"95":0,"96":0,"97":0,"98":0,"99":0,"101":0,"102":0,"103":0,"104":0,"105":0,"106":0,"107":0,"108":0,"109":0,"111":0,"112":0,"113":0,"115":0,"116":0,"117":0,"119":0,"120":0,"121":0,"122":0,"123":0,"124":0,"125":0,"127":0,"128":0,"129":0,"130":0,"131":0,"132":0,"133":0,"134":0,"136":0,"137":0,"138":0,"139":0,"140":0,"142":0,"143":0,"144":0,"146":0,"147":0,"148":0,"150":0,"151":0,"152":0,"154":0,"155":0,"156":0,"158":0,"159":0,"161":0,"162":0,"163":0,"164":0,"166":0,"167":0,"168":0,"169":0,"171":0,"172":0,"173":0,"174":0,"176":0,"177":0,"178":0,"179":0,"181":0,"182":0,"183":0},"branchMap":{"0":{"type":"branch","line":1,"loc":{"start":{"line":1,"column":0},"end":{"line":184,"column":-943}},"locations":[{"start":{"line":1,"column":0},"end":{"line":184,"column":-943}}]}},"b":{"0":[0]},"fnMap":{"0":{"name":"(empty-report)","decl":{"start":{"line":1,"column":0},"end":{"line":184,"column":-943}},"loc":{"start":{"line":1,"column":0},"end":{"line":184,"column":-943}},"line":1}},"f":{"0":0}}
}
